TN:
SF:coverage/lcov-report/block-navigation.js
FN:2,init
FN:24,toggleClass
FN:31,makeCurrent
FN:41,goToPrevious
FN:52,goToNext
FN:65,jump
FNF:6
FNH:0
FNDA:0,init
FNDA:0,toggleClass
FNDA:0,makeCurrent
FNDA:0,goToPrevious
FNDA:0,goToNext
FNDA:0,jump
DA:2,0
DA:4,0
DA:7,0
DA:10,0
DA:14,0
DA:20,0
DA:25,0
DA:28,0
DA:32,0
DA:33,0
DA:34,0
DA:42,0
DA:43,0
DA:44,0
DA:45,0
DA:46,0
DA:49,0
DA:53,0
DA:55,0
DA:59,0
DA:62,0
DA:65,0
DA:66,0
DA:71,0
DA:74,0
DA:77,0
DA:78,0
DA:82,0
DA:83,0
DA:87,0
LF:30
LH:0
BRDA:43,0,0,0
BRDA:43,0,1,0
BRDA:43,1,0,0
BRDA:43,1,1,0
BRDA:45,2,0,0
BRDA:55,3,0,0
BRDA:56,4,0,0
BRDA:56,4,1,0
BRDA:66,5,0,0
BRDA:67,6,0,0
BRDA:67,6,1,0
BRDA:74,7,0,0
BRDA:74,7,1,0
BRDA:74,7,2,0
BRDA:74,7,3,0
BRDA:74,7,4,0
BRF:16
BRH:0
end_of_record
TN:
SF:coverage/lcov-report/prettify.js
FN:2,(anonymous_0)
FN:2,k
FN:2,ab
FN:2,T
FN:2,X
FN:2,(anonymous_5)
FN:2,W
FN:2,(anonymous_7)
FN:2,a
FN:2,aa
FN:2,B
FN:2,o
FN:2,g
FN:2,(anonymous_13)
FN:2,(anonymous_14)
FN:2,i
FN:2,Q
FN:2,ae
FN:2,ad
FN:2,ai
FN:2,D
FN:2,c
FN:2,q
FN:2,d
FN:2,y
FN:2,b
FN:2,Y
FN:2,(anonymous_27)
FN:2,U
FNF:29
FNH:0
FNDA:0,(anonymous_0)
FNDA:0,k
FNDA:0,ab
FNDA:0,T
FNDA:0,X
FNDA:0,(anonymous_5)
FNDA:0,W
FNDA:0,(anonymous_7)
FNDA:0,a
FNDA:0,aa
FNDA:0,B
FNDA:0,o
FNDA:0,g
FNDA:0,(anonymous_13)
FNDA:0,(anonymous_14)
FNDA:0,i
FNDA:0,Q
FNDA:0,ae
FNDA:0,ad
FNDA:0,ai
FNDA:0,D
FNDA:0,c
FNDA:0,q
FNDA:0,d
FNDA:0,y
FNDA:0,b
FNDA:0,Y
FNDA:0,(anonymous_27)
FNDA:0,U
DA:2,0
LF:1
LH:0
BRDA:2,0,0,0
BRDA:2,0,1,0
BRDA:2,1,0,0
BRDA:2,2,0,0
BRDA:2,3,0,0
BRDA:2,3,1,0
BRDA:2,4,0,0
BRDA:2,4,1,0
BRDA:2,5,0,0
BRDA:2,5,1,0
BRDA:2,6,0,0
BRDA:2,6,1,0
BRDA:2,7,0,0
BRDA:2,7,1,0
BRDA:2,8,0,0
BRDA:2,9,0,0
BRDA:2,9,1,0
BRDA:2,10,0,0
BRDA:2,11,0,0
BRDA:2,11,1,0
BRDA:2,11,2,0
BRDA:2,11,3,0
BRDA:2,12,0,0
BRDA:2,12,1,0
BRDA:2,13,0,0
BRDA:2,13,1,0
BRDA:2,14,0,0
BRDA:2,14,1,0
BRDA:2,15,0,0
BRDA:2,15,1,0
BRDA:2,16,0,0
BRDA:2,17,0,0
BRDA:2,17,1,0
BRDA:2,18,0,0
BRDA:2,19,0,0
BRDA:2,19,1,0
BRDA:2,20,0,0
BRDA:2,21,0,0
BRDA:2,21,1,0
BRDA:2,22,0,0
BRDA:2,22,1,0
BRDA:2,23,0,0
BRDA:2,23,1,0
BRDA:2,24,0,0
BRDA:2,25,0,0
BRDA:2,26,0,0
BRDA:2,27,0,0
BRDA:2,27,1,0
BRDA:2,28,0,0
BRDA:2,29,0,0
BRDA:2,30,0,0
BRDA:2,30,1,0
BRDA:2,31,0,0
BRDA:2,32,0,0
BRDA:2,32,1,0
BRDA:2,33,0,0
BRDA:2,34,0,0
BRDA:2,35,0,0
BRDA:2,36,0,0
BRDA:2,36,1,0
BRDA:2,37,0,0
BRDA:2,38,0,0
BRDA:2,38,1,0
BRDA:2,39,0,0
BRDA:2,40,0,0
BRDA:2,40,1,0
BRDA:2,41,0,0
BRDA:2,41,1,0
BRDA:2,42,0,0
BRDA:2,42,1,0
BRDA:2,43,0,0
BRDA:2,44,0,0
BRDA:2,45,0,0
BRDA:2,45,1,0
BRDA:2,46,0,0
BRDA:2,46,1,0
BRDA:2,47,0,0
BRDA:2,47,1,0
BRDA:2,48,0,0
BRDA:2,49,0,0
BRDA:2,49,1,0
BRDA:2,50,0,0
BRDA:2,50,1,0
BRDA:2,50,2,0
BRDA:2,51,0,0
BRDA:2,52,0,0
BRDA:2,53,0,0
BRDA:2,53,1,0
BRDA:2,54,0,0
BRDA:2,55,0,0
BRDA:2,55,1,0
BRDA:2,56,0,0
BRDA:2,57,0,0
BRDA:2,57,1,0
BRDA:2,58,0,0
BRDA:2,58,1,0
BRDA:2,59,0,0
BRDA:2,59,1,0
BRDA:2,60,0,0
BRDA:2,60,1,0
BRDA:2,61,0,0
BRDA:2,61,1,0
BRDA:2,62,0,0
BRDA:2,63,0,0
BRDA:2,64,0,0
BRDA:2,64,1,0
BRDA:2,65,0,0
BRDA:2,65,1,0
BRDA:2,66,0,0
BRDA:2,66,1,0
BRDA:2,67,0,0
BRDA:2,68,0,0
BRDA:2,69,0,0
BRDA:2,69,1,0
BRDA:2,70,0,0
BRDA:2,71,0,0
BRDA:2,71,1,0
BRDA:2,72,0,0
BRDA:2,72,1,0
BRDA:2,73,0,0
BRDA:2,74,0,0
BRDA:2,74,1,0
BRDA:2,75,0,0
BRDA:2,76,0,0
BRDA:2,76,1,0
BRDA:2,77,0,0
BRDA:2,77,1,0
BRDA:2,78,0,0
BRDA:2,79,0,0
BRDA:2,80,0,0
BRDA:2,80,1,0
BRDA:2,81,0,0
BRDA:2,81,1,0
BRDA:2,82,0,0
BRDA:2,83,0,0
BRDA:2,84,0,0
BRDA:2,85,0,0
BRDA:2,86,0,0
BRDA:2,86,1,0
BRDA:2,87,0,0
BRDA:2,88,0,0
BRDA:2,88,1,0
BRDA:2,89,0,0
BRDA:2,89,1,0
BRDA:2,89,2,0
BRDA:2,90,0,0
BRDA:2,91,0,0
BRDA:2,91,1,0
BRDA:2,92,0,0
BRDA:2,93,0,0
BRDA:2,94,0,0
BRDA:2,95,0,0
BRDA:2,96,0,0
BRDA:2,97,0,0
BRDA:2,98,0,0
BRDA:2,98,1,0
BRDA:2,99,0,0
BRDA:2,100,0,0
BRDA:2,100,1,0
BRDA:2,101,0,0
BRDA:2,102,0,0
BRDA:2,102,1,0
BRDA:2,103,0,0
BRDA:2,104,0,0
BRDA:2,104,1,0
BRDA:2,105,0,0
BRDA:2,105,1,0
BRDA:2,106,0,0
BRDA:2,106,1,0
BRDA:2,107,0,0
BRDA:2,107,1,0
BRDA:2,108,0,0
BRDA:2,109,0,0
BRDA:2,109,1,0
BRDA:2,110,0,0
BRDA:2,111,0,0
BRDA:2,112,0,0
BRDA:2,113,0,0
BRDA:2,114,0,0
BRDA:2,114,1,0
BRDA:2,115,0,0
BRDA:2,116,0,0
BRDA:2,117,0,0
BRDA:2,117,1,0
BRDA:2,118,0,0
BRDA:2,118,1,0
BRDA:2,119,0,0
BRDA:2,120,0,0
BRDA:2,120,1,0
BRDA:2,121,0,0
BRDA:2,121,1,0
BRDA:2,122,0,0
BRDA:2,123,0,0
BRDA:2,124,0,0
BRDA:2,124,1,0
BRDA:2,125,0,0
BRDA:2,125,1,0
BRDA:2,126,0,0
BRDA:2,127,0,0
BRDA:2,128,0,0
BRDA:2,128,1,0
BRDA:2,128,2,0
BRDA:2,129,0,0
BRDA:2,130,0,0
BRDA:2,131,0,0
BRDA:2,131,1,0
BRDA:2,131,2,0
BRDA:2,131,3,0
BRDA:2,131,4,0
BRDA:2,132,0,0
BRDA:2,133,0,0
BRDA:2,133,1,0
BRDA:2,134,0,0
BRDA:2,134,1,0
BRDA:2,135,0,0
BRDA:2,135,1,0
BRDA:2,136,0,0
BRDA:2,137,0,0
BRDA:2,137,1,0
BRDA:2,138,0,0
BRF:220
BRH:0
end_of_record
TN:
SF:coverage/lcov-report/sorter.js
FN:2,(anonymous_0)
FN:11,getTable
FN:15,getTableHeader
FN:19,getTableBody
FN:23,getNthColumn
FN:27,onFilterInput
FN:59,addSearchBox
FN:67,loadColumns
FN:92,loadRowData
FN:111,loadData
FN:120,sortByIndex
FN:122,(anonymous_11)
FN:134,(anonymous_12)
FN:151,removeSortIndicators
FN:159,addSortIndicators
FN:165,enableUI
FN:168,ithSorter
FN:171,(anonymous_17)
FN:198,(anonymous_18)
FNF:19
FNH:0
FNDA:0,(anonymous_0)
FNDA:0,getTable
FNDA:0,getTableHeader
FNDA:0,getTableBody
FNDA:0,getNthColumn
FNDA:0,onFilterInput
FNDA:0,addSearchBox
FNDA:0,loadColumns
FNDA:0,loadRowData
FNDA:0,loadData
FNDA:0,sortByIndex
FNDA:0,(anonymous_11)
FNDA:0,(anonymous_12)
FNDA:0,removeSortIndicators
FNDA:0,addSortIndicators
FNDA:0,enableUI
FNDA:0,ithSorter
FNDA:0,(anonymous_17)
FNDA:0,(anonymous_18)
DA:2,0
DA:5,0
DA:12,0
DA:16,0
DA:20,0
DA:24,0
DA:28,0
DA:29,0
DA:34,0
DA:35,0
DA:37,0
DA:40,0
DA:41,0
DA:42,0
DA:44,0
DA:46,0
DA:49,0
DA:54,0
DA:60,0
DA:61,0
DA:62,0
DA:63,0
DA:68,0
DA:70,0
DA:74,0
DA:75,0
DA:76,0
DA:81,0
DA:82,0
DA:83,0
DA:84,0
DA:88,0
DA:93,0
DA:96,0
DA:99,0
DA:100,0
DA:101,0
DA:102,0
DA:103,0
DA:104,0
DA:106,0
DA:108,0
DA:112,0
DA:115,0
DA:116,0
DA:121,0
DA:122,0
DA:123,0
DA:124,0
DA:125,0
DA:127,0
DA:128,0
DA:129,0
DA:130,0
DA:133,0
DA:134,0
DA:135,0
DA:139,0
DA:140,0
DA:141,0
DA:144,0
DA:146,0
DA:147,0
DA:152,0
DA:153,0
DA:155,0
DA:156,0
DA:160,0
DA:168,0
DA:169,0
DA:171,0
DA:172,0
DA:174,0
DA:175,0
DA:177,0
DA:178,0
DA:179,0
DA:180,0
DA:181,0
DA:184,0
DA:185,0
DA:188,0
DA:189,0
DA:190,0
DA:192,0
DA:198,0
DA:199,0
DA:200,0
DA:202,0
DA:203,0
DA:204,0
DA:205,0
DA:206,0
DA:210,0
LF:94
LH:0
BRDA:44,0,0,0
BRDA:44,0,1,0
BRDA:54,1,0,0
BRDA:54,1,1,0
BRDA:79,2,0,0
BRDA:79,2,1,0
BRDA:82,3,0,0
BRDA:103,4,0,0
BRDA:125,5,0,0
BRDA:125,5,1,0
BRDA:125,6,0,0
BRDA:125,6,1,0
BRDA:133,7,0,0
BRDA:160,8,0,0
BRDA:160,8,1,0
BRDA:174,9,0,0
BRDA:185,10,0,0
BRDA:189,11,0,0
BRDA:189,11,1,0
BRDA:199,12,0,0
BRF:20
BRH:0
end_of_record
TN:
SF:scripts/migrate-webhook-secrets.ts
FN:21,migrateWebhookSecrets
FN:148,(anonymous_1)
FNF:2
FNH:0
FNDA:0,migrateWebhookSecrets
FNDA:0,(anonymous_1)
DA:15,0
DA:16,0
DA:17,0
DA:18,0
DA:19,0
DA:22,0
DA:25,0
DA:35,0
DA:36,0
DA:37,0
DA:39,0
DA:40,0
DA:42,0
DA:43,0
DA:45,0
DA:47,0
DA:60,0
DA:61,0
DA:62,0
DA:65,0
DA:67,0
DA:68,0
DA:69,0
DA:71,0
DA:72,0
DA:73,0
DA:75,0
DA:76,0
DA:77,0
DA:78,0
DA:82,0
DA:83,0
DA:84,0
DA:85,0
DA:89,0
DA:101,0
DA:111,0
DA:112,0
DA:115,0
DA:116,0
DA:121,0
DA:122,0
DA:123,0
DA:124,0
DA:126,0
DA:127,0
DA:128,0
DA:131,0
DA:132,0
DA:133,0
DA:134,0
DA:135,0
DA:138,0
DA:139,0
DA:141,0
DA:142,0
DA:147,0
DA:148,0
DA:149,0
DA:150,0
DA:154,0
LF:61
LH:0
BRDA:60,0,0,0
BRDA:75,1,0,0
BRDA:82,2,0,0
BRDA:82,3,0,0
BRDA:82,3,1,0
BRDA:126,4,0,0
BRDA:147,5,0,0
BRF:7
BRH:0
end_of_record
TN:
SF:src/app.module.ts
FNF:0
FNH:0
DA:1,0
DA:2,0
DA:3,0
DA:4,0
DA:5,0
DA:6,0
DA:7,0
DA:8,0
DA:9,0
DA:10,0
DA:11,0
DA:12,0
DA:13,0
DA:14,0
DA:15,0
DA:16,0
DA:17,0
DA:18,0
DA:19,0
DA:20,0
DA:21,0
DA:23,0
DA:24,0
DA:25,0
DA:26,0
DA:27,0
DA:29,0
DA:64,0
LF:28
LH:0
BRF:0
BRH:0
end_of_record
TN:
SF:src/main.ts
FN:7,bootstrap
FN:12,(anonymous_10)
FN:43,(anonymous_11)
FNF:3
FNH:0
FNDA:0,bootstrap
FNDA:0,(anonymous_10)
FNDA:0,(anonymous_11)
DA:1,0
DA:2,0
DA:3,0
DA:4,0
DA:9,0
DA:12,0
DA:14,0
DA:17,0
DA:24,0
DA:30,0
DA:39,0
DA:40,0
DA:43,0
DA:44,0
DA:47,0
DA:48,0
DA:49,0
DA:50,0
DA:53,0
LF:19
LH:0
BRDA:25,0,0,0
BRDA:25,0,1,0
BRDA:47,1,0,0
BRDA:47,1,1,0
BRF:4
BRH:0
end_of_record
TN:
SF:src/audit/audit.module.ts
FNF:0
FNH:0
DA:1,0
DA:2,0
DA:4,0
DA:8,0
LF:4
LH:0
BRF:0
BRH:0
end_of_record
TN:
SF:src/audit/audit.service.ts
FN:9,(anonymous_5)
FN:55,(anonymous_6)
FN:68,(anonymous_7)
FNF:3
FNH:0
FNDA:0,(anonymous_5)
FNDA:0,(anonymous_6)
FNDA:0,(anonymous_7)
DA:1,0
DA:2,0
DA:4,0
DA:5,0
DA:6,0
DA:7,0
DA:15,0
DA:17,0
DA:39,0
DA:48,0
DA:56,0
DA:57,0
DA:58,0
DA:59,0
DA:60,0
DA:61,0
DA:62,0
DA:83,0
DA:84,0
DA:85,0
DA:86,0
DA:87,0
DA:88,0
DA:89,0
DA:90,0
DA:92,0
DA:93,0
DA:94,0
DA:95,0
DA:98,0
DA:108,0
DA:110,0
DA:111,0
LF:33
LH:0
BRDA:12,0,0,0
BRDA:24,1,0,0
BRDA:24,1,1,0
BRDA:24,1,2,0
BRDA:42,2,0,0
BRDA:42,2,1,0
BRDA:42,2,2,0
BRDA:56,3,0,0
BRDA:57,4,0,0
BRDA:58,5,0,0
BRDA:59,6,0,0
BRDA:60,7,0,0
BRDA:61,8,0,0
BRDA:70,9,0,0
BRDA:78,10,0,0
BRDA:85,11,0,0
BRDA:86,12,0,0
BRDA:87,13,0,0
BRDA:88,14,0,0
BRDA:89,15,0,0
BRDA:92,16,0,0
BRDA:92,17,0,0
BRDA:92,17,1,0
BRDA:94,18,0,0
BRDA:95,19,0,0
BRDA:102,20,0,0
BRDA:102,20,1,0
BRDA:103,21,0,0
BRDA:103,21,1,0
BRF:29
BRH:0
end_of_record
TN:
SF:src/authz/admin.guard.ts
FN:14,(anonymous_5)
FNF:1
FNH:0
FNDA:0,(anonymous_5)
DA:7,0
DA:8,0
DA:10,0
DA:11,0
DA:12,0
DA:15,0
DA:18,0
DA:19,0
DA:20,0
DA:24,0
DA:28,0
DA:29,0
DA:33,0
DA:34,0
DA:37,0
DA:48,0
DA:49,0
DA:51,0
DA:58,0
LF:19
LH:0
BRDA:19,0,0,0
BRDA:19,1,0,0
BRDA:19,1,1,0
BRDA:28,2,0,0
BRDA:28,3,0,0
BRDA:28,3,1,0
BRDA:33,4,0,0
BRDA:33,4,1,0
BRDA:43,5,0,0
BRDA:43,5,1,0
BRF:10
BRH:0
end_of_record
TN:
SF:src/authz/api-key.controller.ts
FN:51,(anonymous_5)
FN:95,(anonymous_7)
FN:109,(anonymous_9)
FN:130,(anonymous_11)
FN:169,(anonymous_13)
FN:205,(anonymous_15)
FN:37,(anonymous_17)
FNF:7
FNH:0
FNDA:0,(anonymous_5)
FNDA:0,(anonymous_7)
FNDA:0,(anonymous_9)
FNDA:0,(anonymous_11)
FNDA:0,(anonymous_13)
FNDA:0,(anonymous_15)
FNDA:0,(anonymous_17)
DA:7,0
DA:29,0
DA:32,0
DA:34,0
DA:35,0
DA:38,0
DA:39,0
DA:49,0
DA:51,0
DA:55,0
DA:57,0
DA:64,0
DA:65,0
DA:68,0
DA:74,0
DA:80,0
DA:82,0
DA:87,0
DA:94,0
DA:95,0
DA:96,0
DA:98,0
DA:100,0
DA:102,0
DA:108,0
DA:109,0
DA:110,0
DA:112,0
DA:117,0
DA:119,0
DA:120,0
DA:123,0
DA:129,0
DA:130,0
DA:131,0
DA:133,0
DA:138,0
DA:139,0
DA:142,0
DA:147,0
DA:153,0
DA:155,0
DA:160,0
DA:167,0
DA:169,0
DA:170,0
DA:172,0
DA:177,0
DA:178,0
DA:181,0
DA:186,0
DA:191,0
DA:196,0
DA:203,0
DA:205,0
DA:206,0
DA:208,0
DA:215,0
DA:217,0
LF:59
LH:0
BRDA:119,0,0,0
BRF:1
BRH:0
end_of_record
TN:
SF:src/authz/api-key.guard.ts
FN:16,(anonymous_5)
FN:21,(anonymous_6)
FN:30,(anonymous_7)
FN:47,(anonymous_8)
FN:90,(anonymous_9)
FNF:5
FNH:0
FNDA:0,(anonymous_5)
FNDA:0,(anonymous_6)
FNDA:0,(anonymous_7)
FNDA:0,(anonymous_8)
FNDA:0,(anonymous_9)
DA:7,0
DA:8,0
DA:9,0
DA:10,0
DA:12,0
DA:13,0
DA:14,0
DA:18,0
DA:22,0
DA:25,0
DA:26,0
DA:27,0
DA:31,0
DA:34,0
DA:37,0
DA:39,0
DA:42,0
DA:43,0
DA:44,0
DA:47,0
DA:48,0
DA:55,0
DA:57,0
DA:65,0
DA:69,0
DA:70,0
DA:73,0
DA:81,0
DA:82,0
DA:86,0
DA:92,0
DA:93,0
DA:94,0
DA:98,0
DA:99,0
DA:100,0
DA:101,0
DA:102,0
DA:106,0
LF:39
LH:0
BRDA:26,0,0,0
BRDA:31,1,0,0
BRDA:31,1,1,0
BRDA:69,2,0,0
BRDA:81,3,0,0
BRDA:81,4,0,0
BRDA:81,4,1,0
BRDA:93,5,0,0
BRDA:93,6,0,0
BRDA:93,6,1,0
BRDA:99,7,0,0
BRDA:99,8,0,0
BRDA:99,8,1,0
BRDA:101,9,0,0
BRF:14
BRH:0
end_of_record
TN:
SF:src/authz/api-key.service.ts
FN:27,(anonymous_14)
FN:37,(anonymous_15)
FN:104,(anonymous_16)
FN:174,(anonymous_17)
FN:200,(anonymous_18)
FN:250,(anonymous_19)
FN:268,(anonymous_20)
FN:275,(anonymous_21)
FN:286,(anonymous_22)
FN:309,(anonymous_23)
FN:323,(anonymous_24)
FN:327,(anonymous_25)
FN:332,(anonymous_26)
FN:338,(anonymous_27)
FN:344,(anonymous_28)
FNF:15
FNH:0
FNDA:0,(anonymous_14)
FNDA:0,(anonymous_15)
FNDA:0,(anonymous_16)
FNDA:0,(anonymous_17)
FNDA:0,(anonymous_18)
FNDA:0,(anonymous_19)
FNDA:0,(anonymous_20)
FNDA:0,(anonymous_21)
FNDA:0,(anonymous_22)
FNDA:0,(anonymous_23)
FNDA:0,(anonymous_24)
FNDA:0,(anonymous_25)
FNDA:0,(anonymous_26)
FNDA:0,(anonymous_27)
FNDA:0,(anonymous_28)
DA:7,0
DA:9,0
DA:10,0
DA:21,0
DA:23,0
DA:24,0
DA:25,0
DA:29,0
DA:31,0
DA:41,0
DA:44,0
DA:45,0
DA:48,0
DA:49,0
DA:53,0
DA:54,0
DA:55,0
DA:58,0
DA:65,0
DA:79,0
DA:81,0
DA:90,0
DA:106,0
DA:114,0
DA:115,0
DA:119,0
DA:120,0
DA:121,0
DA:124,0
DA:131,0
DA:134,0
DA:147,0
DA:152,0
DA:160,0
DA:175,0
DA:187,0
DA:188,0
DA:191,0
DA:202,0
DA:205,0
DA:220,0
DA:221,0
DA:225,0
DA:226,0
DA:230,0
DA:232,0
DA:244,0
DA:251,0
DA:252,0
DA:258,0
DA:269,0
DA:275,0
DA:287,0
DA:294,0
DA:297,0
DA:310,0
DA:311,0
DA:312,0
DA:314,0
DA:316,0
DA:317,0
DA:320,0
DA:324,0
DA:328,0
DA:329,0
DA:333,0
DA:336,0
DA:337,0
DA:338,0
DA:341,0
DA:347,0
DA:349,0
DA:351,0
DA:359,0
DA:367,0
DA:374,0
LF:76
LH:0
BRDA:41,0,0,0
BRDA:41,1,0,0
BRDA:44,2,0,0
BRDA:44,3,0,0
BRDA:44,3,1,0
BRDA:48,4,0,0
BRDA:48,5,0,0
BRDA:48,5,1,0
BRDA:114,6,0,0
BRDA:187,7,0,0
BRDA:220,8,0,0
BRDA:225,9,0,0
BRDA:294,10,0,0
BRDA:316,11,0,0
BRDA:347,12,0,0
BRDA:347,12,1,0
BRDA:347,12,2,0
BRDA:347,12,3,0
BRDA:347,12,4,0
BRF:19
BRH:0
end_of_record
TN:
SF:src/authz/audit.service.ts
FN:15,(anonymous_5)
FN:22,(anonymous_6)
FN:60,(anonymous_7)
FN:74,(anonymous_8)
FN:88,(anonymous_9)
FN:102,(anonymous_10)
FN:114,(anonymous_11)
FN:135,(anonymous_12)
FN:174,(anonymous_13)
FN:219,(anonymous_14)
FN:240,(anonymous_15)
FNF:11
FNH:0
FNDA:0,(anonymous_5)
FNDA:0,(anonymous_6)
FNDA:0,(anonymous_7)
FNDA:0,(anonymous_8)
FNDA:0,(anonymous_9)
FNDA:0,(anonymous_10)
FNDA:0,(anonymous_11)
FNDA:0,(anonymous_12)
FNDA:0,(anonymous_13)
FNDA:0,(anonymous_14)
FNDA:0,(anonymous_15)
DA:7,0
DA:11,0
DA:12,0
DA:13,0
DA:16,0
DA:23,0
DA:24,0
DA:38,0
DA:48,0
DA:61,0
DA:75,0
DA:89,0
DA:103,0
DA:122,0
DA:148,0
DA:150,0
DA:151,0
DA:152,0
DA:153,0
DA:154,0
DA:156,0
DA:157,0
DA:158,0
DA:159,0
DA:162,0
DA:168,0
DA:180,0
DA:182,0
DA:193,0
DA:200,0
DA:202,0
DA:205,0
DA:208,0
DA:209,0
DA:213,0
DA:220,0
DA:222,0
DA:228,0
DA:233,0
DA:241,0
LF:40
LH:0
BRDA:137,0,0,0
BRDA:150,1,0,0
BRDA:151,2,0,0
BRDA:152,3,0,0
BRDA:153,4,0,0
BRDA:154,5,0,0
BRDA:156,6,0,0
BRDA:156,7,0,0
BRDA:156,7,1,0
BRDA:158,8,0,0
BRDA:159,9,0,0
BRDA:165,10,0,0
BRDA:165,10,1,0
BRDA:174,11,0,0
BRDA:202,12,0,0
BRDA:202,12,1,0
BRDA:205,13,0,0
BRDA:205,13,1,0
BRDA:208,14,0,0
BRDA:208,15,0,0
BRDA:208,15,1,0
BRDA:219,16,0,0
BRF:22
BRH:0
end_of_record
TN:
SF:src/authz/auth.guard.ts
FN:17,(anonymous_5)
FN:23,(anonymous_6)
FN:103,(anonymous_7)
FN:109,(anonymous_8)
FNF:4
FNH:0
FNDA:0,(anonymous_5)
FNDA:0,(anonymous_6)
FNDA:0,(anonymous_7)
FNDA:0,(anonymous_8)
DA:8,0
DA:11,0
DA:13,0
DA:14,0
DA:15,0
DA:18,0
DA:19,0
DA:20,0
DA:24,0
DA:27,0
DA:28,0
DA:29,0
DA:31,0
DA:32,0
DA:33,0
DA:35,0
DA:40,0
DA:43,0
DA:49,0
DA:53,0
DA:60,0
DA:61,0
DA:62,0
DA:64,0
DA:65,0
DA:66,0
DA:68,0
DA:73,0
DA:76,0
DA:82,0
DA:85,0
DA:92,0
DA:100,0
DA:104,0
DA:110,0
LF:35
LH:0
BRDA:29,0,0,0
BRDA:62,1,0,0
BRDA:104,2,0,0
BRDA:104,2,1,0
BRDA:104,2,2,0
BRDA:110,3,0,0
BRDA:110,3,1,0
BRF:7
BRH:0
end_of_record
TN:
SF:src/authz/authz.module.ts
FN:43,(anonymous_5)
FNF:1
FNH:0
FNDA:0,(anonymous_5)
DA:7,0
DA:8,0
DA:9,0
DA:10,0
DA:11,0
DA:12,0
DA:13,0
DA:14,0
DA:15,0
DA:16,0
DA:17,0
DA:19,0
DA:43,0
DA:60,0
LF:14
LH:0
BRF:0
BRH:0
end_of_record
TN:
SF:src/authz/authz.types.ts
FN:243,(anonymous_0)
FN:254,(anonymous_1)
FN:260,(anonymous_2)
FN:270,(anonymous_3)
FN:276,(anonymous_4)
FNF:5
FNH:0
FNDA:0,(anonymous_0)
FNDA:0,(anonymous_1)
FNDA:0,(anonymous_2)
FNDA:0,(anonymous_3)
FNDA:0,(anonymous_4)
DA:13,0
DA:71,0
DA:225,0
DA:231,0
DA:236,0
DA:242,0
DA:245,0
DA:246,0
DA:248,0
DA:249,0
DA:253,0
DA:255,0
DA:259,0
DA:261,0
DA:269,0
DA:271,0
DA:275,0
DA:277,0
LF:18
LH:0
BRDA:246,0,0,0
BRF:1
BRH:0
end_of_record
TN:
SF:src/authz/permissions.decorator.ts
FN:19,(anonymous_0)
FN:29,(anonymous_1)
FN:39,(anonymous_2)
FNF:3
FNH:0
FNDA:0,(anonymous_0)
FNDA:0,(anonymous_1)
FNDA:0,(anonymous_2)
DA:7,0
DA:8,0
DA:19,0
DA:20,0
DA:29,0
DA:30,0
DA:39,0
DA:40,0
LF:8
LH:0
BRF:0
BRH:0
end_of_record
TN:
SF:src/authz/permissions.guard.ts
FN:17,(anonymous_5)
FN:19,(anonymous_6)
FN:40,(anonymous_7)
FN:76,(anonymous_8)
FNF:4
FNH:0
FNDA:0,(anonymous_5)
FNDA:0,(anonymous_6)
FNDA:0,(anonymous_7)
FNDA:0,(anonymous_8)
DA:7,0
DA:10,0
DA:11,0
DA:13,0
DA:14,0
DA:15,0
DA:17,0
DA:20,0
DA:21,0
DA:24,0
DA:25,0
DA:29,0
DA:30,0
DA:31,0
DA:36,0
DA:40,0
DA:41,0
DA:44,0
DA:46,0
DA:48,0
DA:62,0
DA:65,0
DA:73,0
DA:78,0
DA:83,0
DA:84,0
DA:88,0
DA:93,0
LF:28
LH:0
BRDA:24,0,0,0
BRDA:24,1,0,0
BRDA:24,1,1,0
BRDA:30,2,0,0
BRDA:44,3,0,0
BRDA:83,4,0,0
BRF:6
BRH:0
end_of_record
TN:
SF:src/authz/principal.extractor.ts
FN:16,(anonymous_5)
FNF:1
FNH:0
FNDA:0,(anonymous_5)
DA:8,0
DA:9,0
DA:11,0
DA:12,0
DA:13,0
DA:14,0
DA:17,0
DA:18,0
DA:20,0
DA:27,0
DA:29,0
DA:38,0
LF:12
LH:0
BRF:0
BRH:0
end_of_record
TN:
SF:src/authz/principal.ts
FN:52,(anonymous_0)
FN:77,(anonymous_1)
FN:109,(anonymous_2)
FN:124,(anonymous_3)
FN:149,(anonymous_4)
FN:158,(anonymous_5)
FN:165,(anonymous_6)
FN:172,(anonymous_7)
FNF:8
FNH:0
FNDA:0,(anonymous_0)
FNDA:0,(anonymous_1)
FNDA:0,(anonymous_2)
FNDA:0,(anonymous_3)
FNDA:0,(anonymous_4)
FNDA:0,(anonymous_5)
FNDA:0,(anonymous_6)
FNDA:0,(anonymous_7)
DA:51,0
DA:54,0
DA:55,0
DA:57,0
DA:58,0
DA:76,0
DA:79,0
DA:80,0
DA:81,0
DA:90,0
DA:92,0
DA:93,0
DA:96,0
DA:97,0
DA:100,0
DA:106,0
DA:110,0
DA:125,0
DA:145,0
DA:150,0
DA:151,0
DA:152,0
DA:159,0
DA:166,0
DA:173,0
DA:174,0
DA:175,0
DA:180,0
LF:28
LH:0
BRDA:55,0,0,0
BRDA:80,1,0,0
BRDA:90,2,0,0
BRDA:90,2,1,0
BRDA:90,2,2,0
BRDA:166,3,0,0
BRDA:166,3,1,0
BRDA:174,4,0,0
BRF:8
BRH:0
end_of_record
TN:
SF:src/authz/roles.service.ts
FN:15,(anonymous_5)
FN:19,(anonymous_6)
FN:26,(anonymous_7)
FN:32,(anonymous_8)
FN:47,(anonymous_9)
FN:77,(anonymous_10)
FN:91,(anonymous_11)
FN:105,(anonymous_12)
FN:117,(anonymous_13)
FN:144,(anonymous_14)
FN:179,(anonymous_15)
FN:209,(anonymous_16)
FN:224,(anonymous_17)
FN:225,(anonymous_18)
FN:235,(anonymous_19)
FNF:15
FNH:0
FNDA:0,(anonymous_5)
FNDA:0,(anonymous_6)
FNDA:0,(anonymous_7)
FNDA:0,(anonymous_8)
FNDA:0,(anonymous_9)
FNDA:0,(anonymous_10)
FNDA:0,(anonymous_11)
FNDA:0,(anonymous_12)
FNDA:0,(anonymous_13)
FNDA:0,(anonymous_14)
FNDA:0,(anonymous_15)
FNDA:0,(anonymous_16)
FNDA:0,(anonymous_17)
FNDA:0,(anonymous_18)
FNDA:0,(anonymous_19)
DA:7,0
DA:9,0
DA:11,0
DA:12,0
DA:13,0
DA:16,0
DA:20,0
DA:28,0
DA:32,0
DA:34,0
DA:35,0
DA:38,0
DA:48,0
DA:49,0
DA:56,0
DA:57,0
DA:65,0
DA:78,0
DA:85,0
DA:92,0
DA:99,0
DA:106,0
DA:111,0
DA:119,0
DA:120,0
DA:123,0
DA:131,0
DA:138,0
DA:146,0
DA:153,0
DA:154,0
DA:157,0
DA:158,0
DA:161,0
DA:166,0
DA:173,0
DA:180,0
DA:187,0
DA:188,0
DA:191,0
DA:192,0
DA:195,0
DA:199,0
DA:210,0
DA:211,0
DA:214,0
DA:223,0
DA:224,0
DA:225,0
DA:228,0
DA:236,0
LF:51
LH:0
BRDA:56,0,0,0
BRDA:85,1,0,0
BRDA:85,1,1,0
BRDA:99,2,0,0
BRDA:99,2,1,0
BRDA:119,3,0,0
BRDA:153,4,0,0
BRDA:157,5,0,0
BRDA:187,6,0,0
BRDA:191,7,0,0
BRDA:210,8,0,0
BRF:11
BRH:0
end_of_record
TN:
SF:src/cache/cache.module.ts
FN:17,(anonymous_6)
FN:20,(anonymous_7)
FNF:2
FNH:0
FNDA:0,(anonymous_6)
FNDA:0,(anonymous_7)
DA:7,0
DA:8,0
DA:9,0
DA:11,0
DA:18,0
DA:19,0
DA:20,0
DA:21,0
DA:23,0
DA:25,0
DA:31,0
LF:11
LH:0
BRDA:18,0,0,0
BRF:1
BRH:0
end_of_record
TN:
SF:src/cache/cache.service.ts
FN:41,(anonymous_6)
FN:51,(anonymous_7)
FN:56,(anonymous_8)
FN:72,(anonymous_9)
FN:121,(anonymous_10)
FN:165,(anonymous_11)
FN:193,(anonymous_12)
FN:223,(anonymous_13)
FN:243,(anonymous_14)
FN:263,(anonymous_15)
FN:270,(anonymous_16)
FNF:11
FNH:0
FNDA:0,(anonymous_6)
FNDA:0,(anonymous_7)
FNDA:0,(anonymous_8)
FNDA:0,(anonymous_9)
FNDA:0,(anonymous_10)
FNDA:0,(anonymous_11)
FNDA:0,(anonymous_12)
FNDA:0,(anonymous_13)
FNDA:0,(anonymous_14)
FNDA:0,(anonymous_15)
FNDA:0,(anonymous_16)
DA:8,0
DA:9,0
DA:10,0
DA:33,0
DA:34,0
DA:35,0
DA:36,0
DA:37,0
DA:38,0
DA:39,0
DA:43,0
DA:46,0
DA:47,0
DA:48,0
DA:49,0
DA:50,0
DA:51,0
DA:52,0
DA:56,0
DA:57,0
DA:60,0
DA:65,0
DA:73,0
DA:74,0
DA:77,0
DA:79,0
DA:80,0
DA:81,0
DA:82,0
DA:85,0
DA:88,0
DA:89,0
DA:95,0
DA:96,0
DA:99,0
DA:105,0
DA:108,0
DA:114,0
DA:122,0
DA:123,0
DA:126,0
DA:127,0
DA:129,0
DA:142,0
DA:143,0
DA:145,0
DA:153,0
DA:166,0
DA:167,0
DA:170,0
DA:172,0
DA:173,0
DA:175,0
DA:181,0
DA:194,0
DA:195,0
DA:198,0
DA:200,0
DA:201,0
DA:202,0
DA:203,0
DA:204,0
DA:211,0
DA:231,0
DA:245,0
DA:246,0
DA:249,0
DA:254,0
DA:257,0
DA:264,0
DA:271,0
DA:272,0
LF:72
LH:0
BRDA:46,0,0,0
BRDA:46,0,1,0
BRDA:48,1,0,0
BRDA:48,1,1,0
BRDA:73,2,0,0
BRDA:81,3,0,0
BRDA:88,4,0,0
BRDA:122,5,0,0
BRDA:127,6,0,0
BRDA:127,6,1,0
BRDA:166,7,0,0
BRDA:194,8,0,0
BRDA:202,9,0,0
BRDA:250,10,0,0
BRDA:250,10,1,0
BRDA:251,11,0,0
BRDA:251,11,1,0
BRDA:271,12,0,0
BRF:18
BRH:0
end_of_record
TN:
SF:src/cipher/cipher.module.ts
FNF:0
FNH:0
DA:1,0
DA:2,0
DA:4,0
DA:8,0
LF:4
LH:0
BRF:0
BRH:0
end_of_record
TN:
SF:src/cipher/cipher.service.ts
FN:38,(anonymous_14)
FN:42,(anonymous_15)
FN:89,(anonymous_16)
FN:136,(anonymous_17)
FN:147,(anonymous_18)
FN:152,(anonymous_19)
FN:162,(anonymous_20)
FN:167,(anonymous_21)
FN:184,(anonymous_22)
FN:202,(anonymous_23)
FN:221,(anonymous_24)
FN:226,(anonymous_25)
FN:232,(anonymous_26)
FNF:13
FNH:0
FNDA:0,(anonymous_14)
FNDA:0,(anonymous_15)
FNDA:0,(anonymous_16)
FNDA:0,(anonymous_17)
FNDA:0,(anonymous_18)
FNDA:0,(anonymous_19)
FNDA:0,(anonymous_20)
FNDA:0,(anonymous_21)
FNDA:0,(anonymous_22)
FNDA:0,(anonymous_23)
FNDA:0,(anonymous_24)
FNDA:0,(anonymous_25)
FNDA:0,(anonymous_26)
DA:1,0
DA:3,0
DA:4,0
DA:33,0
DA:34,0
DA:35,0
DA:38,0
DA:39,0
DA:43,0
DA:46,0
DA:47,0
DA:48,0
DA:55,0
DA:57,0
DA:58,0
DA:65,0
DA:67,0
DA:70,0
DA:72,0
DA:74,0
DA:81,0
DA:90,0
DA:93,0
DA:94,0
DA:95,0
DA:96,0
DA:105,0
DA:106,0
DA:107,0
DA:108,0
DA:117,0
DA:118,0
DA:119,0
DA:120,0
DA:129,0
DA:138,0
DA:139,0
DA:144,0
DA:148,0
DA:149,0
DA:153,0
DA:154,0
DA:159,0
DA:163,0
DA:174,0
DA:186,0
DA:187,0
DA:188,0
DA:189,0
DA:191,0
DA:203,0
DA:204,0
DA:205,0
DA:206,0
DA:207,0
DA:209,0
DA:211,0
DA:222,0
DA:227,0
DA:228,0
DA:233,0
LF:61
LH:0
BRDA:47,0,0,0
BRDA:50,1,0,0
BRDA:50,1,1,0
BRDA:57,2,0,0
BRDA:57,3,0,0
BRDA:57,3,1,0
BRDA:60,4,0,0
BRDA:60,4,1,0
BRDA:83,5,0,0
BRDA:83,5,1,0
BRDA:90,6,0,0
BRDA:90,6,1,0
BRDA:93,7,0,0
BRDA:95,8,0,0
BRDA:98,9,0,0
BRDA:98,9,1,0
BRDA:105,10,0,0
BRDA:107,11,0,0
BRDA:110,12,0,0
BRDA:110,12,1,0
BRDA:117,13,0,0
BRDA:119,14,0,0
BRDA:122,15,0,0
BRDA:122,15,1,0
BRDA:131,16,0,0
BRDA:131,16,1,0
BRDA:138,17,0,0
BRDA:138,18,0,0
BRDA:138,18,1,0
BRDA:153,19,0,0
BRDA:153,20,0,0
BRDA:153,20,1,0
BRDA:163,21,0,0
BRDA:163,21,1,0
BRDA:207,22,0,0
BRDA:207,22,1,0
BRDA:228,23,0,0
BRDA:228,23,1,0
BRDA:228,23,2,0
BRDA:236,24,0,0
BRDA:236,24,1,0
BRF:41
BRH:0
end_of_record
TN:
SF:src/config/config.audit.ts
FN:21,(anonymous_0)
FN:47,(anonymous_1)
FN:55,(anonymous_2)
FNF:3
FNH:0
FNDA:0,(anonymous_0)
FNDA:0,(anonymous_1)
FNDA:0,(anonymous_2)
DA:14,0
DA:15,0
DA:23,0
DA:24,0
DA:28,0
DA:31,0
DA:48,0
DA:56,0
DA:64,0
LF:9
LH:0
BRDA:23,0,0,0
BRDA:23,1,0,0
BRDA:23,1,1,0
BRDA:37,2,0,0
BRDA:37,2,1,0
BRDA:47,3,0,0
BRF:6
BRH:0
end_of_record
TN:
SF:src/config/config.loader.ts
FN:21,(anonymous_0)
FN:32,(anonymous_1)
FN:97,(anonymous_2)
FN:154,(anonymous_3)
FN:166,(anonymous_4)
FN:177,(anonymous_5)
FN:184,(anonymous_6)
FN:194,(anonymous_7)
FN:202,(anonymous_8)
FN:211,(anonymous_9)
FN:218,(anonymous_10)
FN:249,(anonymous_11)
FN:279,(anonymous_12)
FN:318,(anonymous_13)
FNF:14
FNH:0
FNDA:0,(anonymous_0)
FNDA:0,(anonymous_1)
FNDA:0,(anonymous_2)
FNDA:0,(anonymous_3)
FNDA:0,(anonymous_4)
FNDA:0,(anonymous_5)
FNDA:0,(anonymous_6)
FNDA:0,(anonymous_7)
FNDA:0,(anonymous_8)
FNDA:0,(anonymous_9)
FNDA:0,(anonymous_10)
FNDA:0,(anonymous_11)
FNDA:0,(anonymous_12)
FNDA:0,(anonymous_13)
DA:9,0
DA:10,0
DA:12,0
DA:20,0
DA:22,0
DA:23,0
DA:24,0
DA:25,0
DA:36,0
DA:39,0
DA:41,0
DA:43,0
DA:45,0
DA:46,0
DA:47,0
DA:49,0
DA:54,0
DA:56,0
DA:57,0
DA:61,0
DA:62,0
DA:66,0
DA:74,0
DA:91,0
DA:102,0
DA:105,0
DA:108,0
DA:111,0
DA:112,0
DA:113,0
DA:117,0
DA:118,0
DA:122,0
DA:130,0
DA:133,0
DA:159,0
DA:160,0
DA:170,0
DA:171,0
DA:181,0
DA:182,0
DA:184,0
DA:195,0
DA:196,0
DA:203,0
DA:204,0
DA:212,0
DA:222,0
DA:223,0
DA:224,0
DA:225,0
DA:229,0
DA:238,0
DA:241,0
DA:242,0
DA:255,0
DA:256,0
DA:258,0
DA:259,0
DA:260,0
DA:263,0
DA:266,0
DA:268,0
DA:269,0
DA:271,0
DA:272,0
DA:285,0
DA:287,0
DA:289,0
DA:290,0
DA:291,0
DA:296,0
DA:297,0
DA:298,0
DA:300,0
DA:301,0
DA:305,0
DA:307,0
DA:308,0
DA:310,0
DA:311,0
DA:319,0
DA:321,0
DA:322,0
DA:325,0
DA:326,0
DA:329,0
DA:337,0
LF:88
LH:0
BRDA:36,0,0,0
BRDA:36,0,1,0
BRDA:43,1,0,0
BRDA:45,2,0,0
BRDA:47,3,0,0
BRDA:54,4,0,0
BRDA:56,5,0,0
BRDA:61,6,0,0
BRDA:102,7,0,0
BRDA:102,7,1,0
BRDA:112,8,0,0
BRDA:117,9,0,0
BRDA:159,10,0,0
BRDA:159,10,1,0
BRDA:170,11,0,0
BRDA:170,11,1,0
BRDA:181,12,0,0
BRDA:181,12,1,0
BRDA:195,13,0,0
BRDA:195,13,1,0
BRDA:224,14,0,0
BRDA:253,15,0,0
BRDA:258,16,0,0
BRDA:259,17,0,0
BRDA:266,18,0,0
BRDA:266,18,1,0
BRDA:268,19,0,0
BRDA:283,20,0,0
BRDA:290,21,0,0
BRDA:298,22,0,0
BRDA:307,23,0,0
BRDA:321,24,0,0
BRDA:325,25,0,0
BRF:33
BRH:0
end_of_record
TN:
SF:src/config/config.module.ts
FN:19,(anonymous_5)
FN:36,getValidatedConfig
FNF:2
FNH:0
FNDA:0,(anonymous_5)
FNDA:0,getValidatedConfig
DA:8,0
DA:9,0
DA:10,0
DA:11,0
DA:14,0
DA:22,0
DA:30,0
DA:36,0
DA:39,0
LF:9
LH:0
BRF:0
BRH:0
end_of_record
TN:
SF:src/config/config.repository.ts
FN:46,(anonymous_0)
FN:84,(anonymous_1)
FN:105,(anonymous_2)
FN:115,(anonymous_3)
FN:141,(anonymous_4)
FN:160,(anonymous_5)
FN:168,(anonymous_6)
FN:188,(anonymous_7)
FN:195,(anonymous_8)
FN:202,(anonymous_9)
FNF:10
FNH:0
FNDA:0,(anonymous_0)
FNDA:0,(anonymous_1)
FNDA:0,(anonymous_2)
FNDA:0,(anonymous_3)
FNDA:0,(anonymous_4)
FNDA:0,(anonymous_5)
FNDA:0,(anonymous_6)
FNDA:0,(anonymous_7)
FNDA:0,(anonymous_8)
FNDA:0,(anonymous_9)
DA:9,0
DA:37,0
DA:41,0
DA:51,0
DA:52,0
DA:56,0
DA:57,0
DA:60,0
DA:63,0
DA:64,0
DA:67,0
DA:70,0
DA:78,0
DA:88,0
DA:89,0
DA:92,0
DA:93,0
DA:94,0
DA:97,0
DA:98,0
DA:99,0
DA:104,0
DA:105,0
DA:106,0
DA:109,0
DA:120,0
DA:121,0
DA:124,0
DA:125,0
DA:126,0
DA:129,0
DA:130,0
DA:131,0
DA:134,0
DA:135,0
DA:145,0
DA:146,0
DA:149,0
DA:150,0
DA:151,0
DA:154,0
DA:155,0
DA:156,0
DA:160,0
DA:161,0
DA:172,0
DA:173,0
DA:176,0
DA:177,0
DA:178,0
DA:181,0
DA:182,0
DA:189,0
DA:196,0
DA:203,0
DA:204,0
DA:212,0
LF:57
LH:0
BRDA:51,0,0,0
BRDA:56,1,0,0
BRDA:63,2,0,0
BRDA:88,3,0,0
BRDA:93,4,0,0
BRDA:98,5,0,0
BRDA:98,6,0,0
BRDA:98,6,1,0
BRDA:120,7,0,0
BRDA:125,8,0,0
BRDA:130,9,0,0
BRDA:135,10,0,0
BRDA:135,10,1,0
BRDA:145,11,0,0
BRDA:150,12,0,0
BRDA:155,13,0,0
BRDA:172,14,0,0
BRDA:177,15,0,0
BRDA:182,16,0,0
BRDA:182,16,1,0
BRDA:204,17,0,0
BRDA:204,17,1,0
BRF:22
BRH:0
end_of_record
TN:
SF:src/config/config.schema.ts
FN:92,(anonymous_0)
FN:107,(anonymous_1)
FN:120,(anonymous_2)
FN:139,(anonymous_3)
FN:152,(anonymous_4)
FN:163,(anonymous_5)
FN:174,(anonymous_6)
FN:188,(anonymous_7)
FN:202,(anonymous_8)
FN:216,(anonymous_9)
FN:230,(anonymous_10)
FN:295,(anonymous_11)
FN:309,(anonymous_12)
FN:323,(anonymous_13)
FN:340,(anonymous_14)
FN:354,(anonymous_15)
FN:368,(anonymous_16)
FN:382,(anonymous_17)
FN:396,validateRetentionDays
FN:410,(anonymous_19)
FNF:20
FNH:0
FNDA:0,(anonymous_0)
FNDA:0,(anonymous_1)
FNDA:0,(anonymous_2)
FNDA:0,(anonymous_3)
FNDA:0,(anonymous_4)
FNDA:0,(anonymous_5)
FNDA:0,(anonymous_6)
FNDA:0,(anonymous_7)
FNDA:0,(anonymous_8)
FNDA:0,(anonymous_9)
FNDA:0,(anonymous_10)
FNDA:0,(anonymous_11)
FNDA:0,(anonymous_12)
FNDA:0,(anonymous_13)
FNDA:0,(anonymous_14)
FNDA:0,(anonymous_15)
FNDA:0,(anonymous_16)
FNDA:0,(anonymous_17)
FNDA:0,validateRetentionDays
FNDA:0,(anonymous_19)
DA:87,0
DA:93,0
DA:94,0
DA:95,0
DA:97,0
DA:108,0
DA:109,0
DA:110,0
DA:111,0
DA:113,0
DA:122,0
DA:123,0
DA:124,0
DA:126,0
DA:127,0
DA:129,0
DA:140,0
DA:141,0
DA:142,0
DA:143,0
DA:145,0
DA:153,0
DA:154,0
DA:155,0
DA:157,0
DA:164,0
DA:165,0
DA:166,0
DA:168,0
DA:175,0
DA:176,0
DA:177,0
DA:179,0
DA:189,0
DA:190,0
DA:192,0
DA:203,0
DA:204,0
DA:206,0
DA:217,0
DA:218,0
DA:220,0
DA:231,0
DA:232,0
DA:234,0
DA:296,0
DA:297,0
DA:298,0
DA:299,0
DA:302,0
DA:310,0
DA:311,0
DA:312,0
DA:313,0
DA:316,0
DA:324,0
DA:325,0
DA:326,0
DA:327,0
DA:330,0
DA:341,0
DA:342,0
DA:344,0
DA:355,0
DA:356,0
DA:358,0
DA:369,0
DA:370,0
DA:371,0
DA:372,0
DA:375,0
DA:383,0
DA:384,0
DA:385,0
DA:386,0
DA:388,0
DA:397,0
DA:398,0
DA:399,0
DA:400,0
DA:403,0
DA:407,0
DA:411,0
DA:412,0
DA:413,0
DA:414,0
DA:416,0
DA:417,0
DA:419,0
DA:420,0
DA:423,0
LF:91
LH:0
BRDA:93,0,0,0
BRDA:94,1,0,0
BRDA:94,2,0,0
BRDA:94,2,1,0
BRDA:109,3,0,0
BRDA:110,4,0,0
BRDA:123,5,0,0
BRDA:123,6,0,0
BRDA:123,6,1,0
BRDA:126,7,0,0
BRDA:126,8,0,0
BRDA:126,8,1,0
BRDA:141,9,0,0
BRDA:142,10,0,0
BRDA:154,11,0,0
BRDA:154,12,0,0
BRDA:154,12,1,0
BRDA:165,13,0,0
BRDA:165,14,0,0
BRDA:165,14,1,0
BRDA:176,15,0,0
BRDA:176,16,0,0
BRDA:176,16,1,0
BRDA:189,17,0,0
BRDA:189,18,0,0
BRDA:189,18,1,0
BRDA:189,18,2,0
BRDA:203,19,0,0
BRDA:203,20,0,0
BRDA:203,20,1,0
BRDA:217,21,0,0
BRDA:217,22,0,0
BRDA:217,22,1,0
BRDA:231,23,0,0
BRDA:231,24,0,0
BRDA:231,24,1,0
BRDA:296,25,0,0
BRDA:298,26,0,0
BRDA:298,27,0,0
BRDA:298,27,1,0
BRDA:298,27,2,0
BRDA:310,28,0,0
BRDA:312,29,0,0
BRDA:312,30,0,0
BRDA:312,30,1,0
BRDA:312,30,2,0
BRDA:324,31,0,0
BRDA:326,32,0,0
BRDA:326,33,0,0
BRDA:326,33,1,0
BRDA:326,33,2,0
BRDA:341,34,0,0
BRDA:341,35,0,0
BRDA:341,35,1,0
BRDA:355,36,0,0
BRDA:355,37,0,0
BRDA:355,37,1,0
BRDA:369,38,0,0
BRDA:371,39,0,0
BRDA:371,40,0,0
BRDA:371,40,1,0
BRDA:371,40,2,0
BRDA:384,41,0,0
BRDA:385,42,0,0
BRDA:397,43,0,0
BRDA:399,44,0,0
BRDA:399,45,0,0
BRDA:399,45,1,0
BRDA:399,45,2,0
BRDA:412,46,0,0
BRDA:413,47,0,0
BRDA:416,48,0,0
BRDA:419,49,0,0
BRF:73
BRH:0
end_of_record
TN:
SF:src/config/config.service.ts
FN:8,(anonymous_5)
FN:47,(anonymous_6)
FN:72,(anonymous_7)
FN:96,(anonymous_8)
FNF:4
FNH:0
FNDA:0,(anonymous_5)
FNDA:0,(anonymous_6)
FNDA:0,(anonymous_7)
FNDA:0,(anonymous_8)
DA:1,0
DA:2,0
DA:4,0
DA:5,0
DA:6,0
DA:10,0
DA:20,0
DA:21,0
DA:25,0
DA:49,0
DA:59,0
DA:60,0
DA:64,0
DA:74,0
DA:84,0
DA:85,0
DA:89,0
DA:102,0
DA:103,0
DA:113,0
DA:114,0
DA:119,0
DA:129,0
DA:130,0
DA:134,0
LF:25
LH:0
BRDA:20,0,0,0
BRDA:59,1,0,0
BRDA:84,2,0,0
BRDA:102,3,0,0
BRDA:113,4,0,0
BRDA:129,5,0,0
BRF:6
BRH:0
end_of_record
TN:
SF:src/config/config.validator.ts
FN:22,(anonymous_0)
FN:27,(anonymous_1)
FN:36,(anonymous_2)
FN:47,(anonymous_3)
FN:101,(anonymous_4)
FN:102,(anonymous_5)
FN:107,(anonymous_6)
FNF:7
FNH:0
FNDA:0,(anonymous_0)
FNDA:0,(anonymous_1)
FNDA:0,(anonymous_2)
FNDA:0,(anonymous_3)
FNDA:0,(anonymous_4)
FNDA:0,(anonymous_5)
FNDA:0,(anonymous_6)
DA:8,0
DA:17,0
DA:23,0
DA:25,0
DA:26,0
DA:27,0
DA:29,0
DA:30,0
DA:34,0
DA:35,0
DA:36,0
DA:37,0
DA:39,0
DA:41,0
DA:48,0
DA:49,0
DA:50,0
DA:53,0
DA:54,0
DA:56,0
DA:57,0
DA:58,0
DA:60,0
DA:61,0
DA:62,0
DA:64,0
DA:66,0
DA:68,0
DA:69,0
DA:71,0
DA:76,0
DA:77,0
DA:82,0
DA:83,0
DA:84,0
DA:85,0
DA:86,0
DA:90,0
DA:102,0
DA:103,0
DA:104,0
DA:107,0
DA:108,0
DA:109,0
DA:110,0
DA:113,0
LF:46
LH:0
BRDA:25,0,0,0
BRDA:57,1,0,0
BRDA:57,1,1,0
BRDA:60,2,0,0
BRDA:60,2,1,0
BRDA:61,3,0,0
BRDA:61,3,1,0
BRDA:66,4,0,0
BRDA:68,5,0,0
BRDA:68,5,1,0
BRDA:76,6,0,0
BRDA:85,7,0,0
BRDA:102,8,0,0
BRDA:103,9,0,0
BRDA:108,10,0,0
BRDA:110,11,0,0
BRDA:110,11,1,0
BRDA:119,12,0,0
BRDA:119,12,1,0
BRDA:124,13,0,0
BRDA:124,13,1,0
BRDA:130,14,0,0
BRDA:130,14,1,0
BRDA:170,15,0,0
BRDA:170,15,1,0
BRF:25
BRH:0
end_of_record
TN:
SF:src/config/feature-flags.service.ts
FN:28,(anonymous_5)
FN:38,(anonymous_6)
FN:50,(anonymous_7)
FN:57,(anonymous_8)
FN:64,(anonymous_9)
FN:71,(anonymous_10)
FN:78,(anonymous_11)
FN:85,(anonymous_12)
FN:96,(anonymous_13)
FN:124,(anonymous_14)
FNF:10
FNH:0
FNDA:0,(anonymous_5)
FNDA:0,(anonymous_6)
FNDA:0,(anonymous_7)
FNDA:0,(anonymous_8)
FNDA:0,(anonymous_9)
FNDA:0,(anonymous_10)
FNDA:0,(anonymous_11)
FNDA:0,(anonymous_12)
FNDA:0,(anonymous_13)
FNDA:0,(anonymous_14)
DA:8,0
DA:21,0
DA:22,0
DA:23,0
DA:25,0
DA:26,0
DA:30,0
DA:32,0
DA:39,0
DA:40,0
DA:41,0
DA:42,0
DA:44,0
DA:51,0
DA:58,0
DA:65,0
DA:72,0
DA:79,0
DA:86,0
DA:97,0
DA:98,0
DA:106,0
DA:111,0
DA:125,0
DA:126,0
DA:127,0
DA:130,0
DA:131,0
DA:133,0
DA:134,0
LF:30
LH:0
BRDA:40,0,0,0
BRDA:126,1,0,0
BRF:2
BRH:0
end_of_record
TN:
SF:src/config/postgres-config.repository.ts
FN:36,(anonymous_5)
FN:46,(anonymous_6)
FN:106,(anonymous_7)
FN:155,(anonymous_8)
FN:168,(anonymous_9)
FN:182,(anonymous_10)
FN:197,(anonymous_11)
FN:205,(anonymous_12)
FN:250,(anonymous_13)
FN:282,(anonymous_14)
FN:300,(anonymous_15)
FN:313,(anonymous_16)
FN:321,(anonymous_17)
FN:342,(anonymous_18)
FN:359,(anonymous_19)
FNF:15
FNH:0
FNDA:0,(anonymous_5)
FNDA:0,(anonymous_6)
FNDA:0,(anonymous_7)
FNDA:0,(anonymous_8)
FNDA:0,(anonymous_9)
FNDA:0,(anonymous_10)
FNDA:0,(anonymous_11)
FNDA:0,(anonymous_12)
FNDA:0,(anonymous_13)
FNDA:0,(anonymous_14)
FNDA:0,(anonymous_15)
FNDA:0,(anonymous_16)
FNDA:0,(anonymous_17)
FNDA:0,(anonymous_18)
FNDA:0,(anonymous_19)
DA:8,0
DA:15,0
DA:32,0
DA:33,0
DA:34,0
DA:37,0
DA:38,0
DA:39,0
DA:40,0
DA:51,0
DA:52,0
DA:56,0
DA:60,0
DA:61,0
DA:65,0
DA:66,0
DA:67,0
DA:71,0
DA:72,0
DA:73,0
DA:77,0
DA:78,0
DA:79,0
DA:83,0
DA:86,0
DA:89,0
DA:98,0
DA:100,0
DA:110,0
DA:111,0
DA:115,0
DA:119,0
DA:120,0
DA:124,0
DA:125,0
DA:126,0
DA:127,0
DA:131,0
DA:133,0
DA:135,0
DA:146,0
DA:149,0
DA:162,0
DA:172,0
DA:173,0
DA:176,0
DA:186,0
DA:187,0
DA:190,0
DA:191,0
DA:199,0
DA:207,0
DA:208,0
DA:209,0
DA:213,0
DA:214,0
DA:215,0
DA:219,0
DA:222,0
DA:223,0
DA:224,0
DA:228,0
DA:231,0
DA:240,0
DA:251,0
DA:252,0
DA:253,0
DA:256,0
DA:257,0
DA:258,0
DA:262,0
DA:263,0
DA:266,0
DA:267,0
DA:271,0
DA:272,0
DA:273,0
DA:274,0
DA:283,0
DA:284,0
DA:286,0
DA:289,0
DA:290,0
DA:294,0
DA:295,0
DA:296,0
DA:298,0
DA:299,0
DA:301,0
DA:307,0
DA:314,0
DA:316,0
DA:318,0
DA:322,0
DA:323,0
DA:324,0
DA:326,0
DA:329,0
DA:330,0
DA:331,0
DA:332,0
DA:334,0
DA:343,0
DA:345,0
DA:346,0
DA:347,0
DA:349,0
DA:353,0
DA:360,0
DA:361,0
DA:363,0
DA:364,0
DA:365,0
DA:367,0
DA:370,0
LF:115
LH:0
BRDA:51,0,0,0
BRDA:60,1,0,0
BRDA:66,2,0,0
BRDA:72,3,0,0
BRDA:78,4,0,0
BRDA:92,5,0,0
BRDA:92,5,1,0
BRDA:110,6,0,0
BRDA:119,7,0,0
BRDA:125,8,0,0
BRDA:133,9,0,0
BRDA:172,10,0,0
BRDA:186,11,0,0
BRDA:208,12,0,0
BRDA:208,13,0,0
BRDA:208,13,1,0
BRDA:214,14,0,0
BRDA:223,15,0,0
BRDA:252,16,0,0
BRDA:257,17,0,0
BRDA:262,18,0,0
BRDA:262,19,0,0
BRDA:262,19,1,0
BRDA:266,20,0,0
BRDA:266,21,0,0
BRDA:266,21,1,0
BRDA:271,22,0,0
BRDA:271,23,0,0
BRDA:271,23,1,0
BRDA:273,24,0,0
BRDA:273,25,0,0
BRDA:273,25,1,0
BRDA:284,26,0,0
BRDA:289,27,0,0
BRDA:289,28,0,0
BRDA:289,28,1,0
BRDA:294,29,0,0
BRDA:294,30,0,0
BRDA:294,30,1,0
BRDA:296,31,0,0
BRDA:322,32,0,0
BRDA:322,33,0,0
BRDA:322,33,1,0
BRDA:323,34,0,0
BRDA:330,35,0,0
BRDA:330,35,1,0
BRDA:331,36,0,0
BRDA:331,36,1,0
BRDA:346,37,0,0
BRDA:346,37,1,0
BRDA:346,38,0,0
BRDA:346,38,1,0
BRDA:346,38,2,0
BRDA:347,39,0,0
BRDA:347,39,1,0
BRDA:364,40,0,0
BRF:56
BRH:0
end_of_record
TN:
SF:src/config/readiness-guard.service.ts
FN:21,(anonymous_5)
FN:29,(anonymous_6)
FN:82,(anonymous_7)
FN:88,(anonymous_8)
FN:94,(anonymous_9)
FN:100,(anonymous_10)
FNF:6
FNH:0
FNDA:0,(anonymous_5)
FNDA:0,(anonymous_6)
FNDA:0,(anonymous_7)
FNDA:0,(anonymous_8)
FNDA:0,(anonymous_9)
FNDA:0,(anonymous_10)
DA:8,0
DA:17,0
DA:18,0
DA:19,0
DA:22,0
DA:30,0
DA:32,0
DA:33,0
DA:34,0
DA:39,0
DA:43,0
DA:44,0
DA:45,0
DA:46,0
DA:51,0
DA:56,0
DA:57,0
DA:58,0
DA:59,0
DA:64,0
DA:68,0
DA:71,0
DA:75,0
DA:83,0
DA:88,0
DA:95,0
DA:100,0
LF:27
LH:0
BRDA:33,0,0,0
BRDA:43,1,0,0
BRDA:45,2,0,0
BRDA:56,3,0,0
BRDA:58,4,0,0
BRF:5
BRH:0
end_of_record
TN:
SF:src/config/tenant-config.repository.ts
FN:20,(anonymous_5)
FN:25,(anonymous_6)
FN:50,(anonymous_7)
FN:90,(anonymous_8)
FN:114,(anonymous_9)
FN:153,(anonymous_10)
FN:180,(anonymous_11)
FN:224,(anonymous_12)
FN:236,(anonymous_13)
FN:245,(anonymous_14)
FN:252,(anonymous_15)
FN:268,(anonymous_16)
FN:275,(anonymous_17)
FN:284,(anonymous_18)
FNF:14
FNH:0
FNDA:0,(anonymous_5)
FNDA:0,(anonymous_6)
FNDA:0,(anonymous_7)
FNDA:0,(anonymous_8)
FNDA:0,(anonymous_9)
FNDA:0,(anonymous_10)
FNDA:0,(anonymous_11)
FNDA:0,(anonymous_12)
FNDA:0,(anonymous_13)
FNDA:0,(anonymous_14)
FNDA:0,(anonymous_15)
FNDA:0,(anonymous_16)
FNDA:0,(anonymous_17)
FNDA:0,(anonymous_18)
DA:8,0
DA:16,0
DA:17,0
DA:18,0
DA:20,0
DA:26,0
DA:33,0
DA:35,0
DA:56,0
DA:76,0
DA:91,0
DA:96,0
DA:98,0
DA:122,0
DA:123,0
DA:125,0
DA:137,0
DA:154,0
DA:158,0
DA:159,0
DA:162,0
DA:191,0
DA:192,0
DA:194,0
DA:225,0
DA:237,0
DA:246,0
DA:252,0
DA:269,0
DA:276,0
DA:277,0
DA:278,0
DA:285,0
DA:286,0
DA:287,0
DA:288,0
DA:289,0
DA:290,0
DA:292,0
LF:39
LH:0
BRDA:33,0,0,0
BRDA:96,1,0,0
BRDA:123,2,0,0
BRDA:123,2,1,0
BRDA:158,3,0,0
BRDA:158,4,0,0
BRDA:158,4,1,0
BRDA:158,4,2,0
BRDA:189,5,0,0
BRDA:245,6,0,0
BRDA:277,7,0,0
BRDA:277,7,1,0
BRF:12
BRH:0
end_of_record
TN:
SF:src/config/tenant-context.ts
FN:26,createSystemTenantContext
FN:36,validateTenantContext
FNF:2
FNH:0
FNDA:0,createSystemTenantContext
FNDA:0,validateTenantContext
DA:26,0
DA:27,0
DA:36,0
DA:37,0
LF:4
LH:0
BRDA:38,0,0,0
BRDA:38,0,1,0
BRDA:38,0,2,0
BRF:3
BRH:0
end_of_record
TN:
SF:src/config/entitlements/entitlement.module.ts
FNF:0
FNH:0
DA:8,0
DA:9,0
DA:10,0
DA:11,0
DA:12,0
DA:14,0
DA:29,0
LF:7
LH:0
BRF:0
BRH:0
end_of_record
TN:
SF:src/config/entitlements/entitlement.repository.ts
FN:25,(anonymous_5)
FN:30,(anonymous_6)
FN:70,(anonymous_7)
FN:81,(anonymous_8)
FN:112,(anonymous_9)
FN:126,(anonymous_10)
FN:132,(anonymous_11)
FN:182,(anonymous_12)
FN:188,(anonymous_13)
FN:329,(anonymous_14)
FN:383,(anonymous_15)
FN:436,(anonymous_16)
FN:454,(anonymous_17)
FN:480,(anonymous_18)
FN:532,(anonymous_19)
FN:584,(anonymous_20)
FN:636,(anonymous_21)
FN:691,(anonymous_22)
FN:706,(anonymous_23)
FN:722,(anonymous_24)
FNF:20
FNH:0
FNDA:0,(anonymous_5)
FNDA:0,(anonymous_6)
FNDA:0,(anonymous_7)
FNDA:0,(anonymous_8)
FNDA:0,(anonymous_9)
FNDA:0,(anonymous_10)
FNDA:0,(anonymous_11)
FNDA:0,(anonymous_12)
FNDA:0,(anonymous_13)
FNDA:0,(anonymous_14)
FNDA:0,(anonymous_15)
FNDA:0,(anonymous_16)
FNDA:0,(anonymous_17)
FNDA:0,(anonymous_18)
FNDA:0,(anonymous_19)
FNDA:0,(anonymous_20)
FNDA:0,(anonymous_21)
FNDA:0,(anonymous_22)
FNDA:0,(anonymous_23)
FNDA:0,(anonymous_24)
DA:8,0
DA:21,0
DA:22,0
DA:23,0
DA:25,0
DA:31,0
DA:38,0
DA:39,0
DA:64,0
DA:71,0
DA:75,0
DA:82,0
DA:84,0
DA:85,0
DA:88,0
DA:89,0
DA:92,0
DA:93,0
DA:99,0
DA:106,0
DA:113,0
DA:120,0
DA:132,0
DA:134,0
DA:137,0
DA:138,0
DA:142,0
DA:162,0
DA:175,0
DA:188,0
DA:189,0
DA:192,0
DA:195,0
DA:196,0
DA:200,0
DA:205,0
DA:206,0
DA:207,0
DA:212,0
DA:229,0
DA:230,0
DA:251,0
DA:257,0
DA:260,0
DA:268,0
DA:275,0
DA:283,0
DA:291,0
DA:292,0
DA:301,0
DA:302,0
DA:313,0
DA:330,0
DA:333,0
DA:341,0
DA:342,0
DA:344,0
DA:350,0
DA:353,0
DA:361,0
DA:363,0
DA:366,0
DA:377,0
DA:384,0
DA:386,0
DA:388,0
DA:392,0
DA:395,0
DA:399,0
DA:402,0
DA:406,0
DA:409,0
DA:413,0
DA:417,0
DA:422,0
DA:426,0
DA:429,0
DA:437,0
DA:448,0
DA:458,0
DA:474,0
DA:481,0
DA:533,0
DA:585,0
DA:637,0
DA:692,0
DA:707,0
DA:723,0
LF:88
LH:0
BRDA:75,0,0,0
BRDA:75,0,1,0
BRDA:81,1,0,0
BRDA:84,2,0,0
BRDA:88,3,0,0
BRDA:92,4,0,0
BRDA:120,5,0,0
BRDA:120,5,1,0
BRDA:137,6,0,0
BRDA:195,7,0,0
BRDA:207,8,0,0
BRDA:207,8,1,0
BRDA:222,9,0,0
BRDA:222,9,1,0
BRDA:229,10,0,0
BRDA:229,10,1,0
BRDA:229,11,0,0
BRDA:229,11,1,0
BRDA:291,12,0,0
BRDA:320,13,0,0
BRDA:320,13,1,0
BRDA:321,14,0,0
BRDA:321,14,1,0
BRDA:329,15,0,0
BRDA:386,16,0,0
BRDA:386,16,1,0
BRDA:386,16,2,0
BRDA:386,16,3,0
BRDA:386,16,4,0
BRDA:386,16,5,0
BRF:30
BRH:0
end_of_record
TN:
SF:src/config/entitlements/entitlement.service.ts
FN:30,(anonymous_5)
FN:38,(anonymous_6)
FN:45,(anonymous_7)
FN:52,(anonymous_8)
FN:59,(anonymous_9)
FN:101,(anonymous_10)
FN:108,(anonymous_11)
FN:148,(anonymous_12)
FN:189,(anonymous_13)
FN:243,(anonymous_14)
FN:274,(anonymous_15)
FN:289,(anonymous_16)
FN:320,(anonymous_17)
FN:321,(anonymous_18)
FN:328,(anonymous_19)
FN:461,(anonymous_20)
FN:501,(anonymous_21)
FN:540,(anonymous_22)
FN:583,(anonymous_23)
FN:600,(anonymous_24)
FN:609,(anonymous_25)
FN:624,(anonymous_26)
FN:631,(anonymous_27)
FN:641,(anonymous_28)
FN:707,(anonymous_29)
FN:749,(anonymous_30)
FN:798,(anonymous_31)
FN:858,(anonymous_32)
FN:891,(anonymous_33)
FNF:29
FNH:0
FNDA:0,(anonymous_5)
FNDA:0,(anonymous_6)
FNDA:0,(anonymous_7)
FNDA:0,(anonymous_8)
FNDA:0,(anonymous_9)
FNDA:0,(anonymous_10)
FNDA:0,(anonymous_11)
FNDA:0,(anonymous_12)
FNDA:0,(anonymous_13)
FNDA:0,(anonymous_14)
FNDA:0,(anonymous_15)
FNDA:0,(anonymous_16)
FNDA:0,(anonymous_17)
FNDA:0,(anonymous_18)
FNDA:0,(anonymous_19)
FNDA:0,(anonymous_20)
FNDA:0,(anonymous_21)
FNDA:0,(anonymous_22)
FNDA:0,(anonymous_23)
FNDA:0,(anonymous_24)
FNDA:0,(anonymous_25)
FNDA:0,(anonymous_26)
FNDA:0,(anonymous_27)
FNDA:0,(anonymous_28)
FNDA:0,(anonymous_29)
FNDA:0,(anonymous_30)
FNDA:0,(anonymous_31)
FNDA:0,(anonymous_32)
FNDA:0,(anonymous_33)
DA:8,0
DA:17,0
DA:26,0
DA:27,0
DA:28,0
DA:31,0
DA:32,0
DA:39,0
DA:46,0
DA:53,0
DA:66,0
DA:67,0
DA:68,0
DA:71,0
DA:72,0
DA:76,0
DA:77,0
DA:78,0
DA:82,0
DA:89,0
DA:95,0
DA:102,0
DA:112,0
DA:113,0
DA:114,0
DA:121,0
DA:122,0
DA:123,0
DA:131,0
DA:133,0
DA:152,0
DA:153,0
DA:154,0
DA:161,0
DA:162,0
DA:163,0
DA:171,0
DA:172,0
DA:174,0
DA:194,0
DA:195,0
DA:196,0
DA:203,0
DA:204,0
DA:205,0
DA:213,0
DA:214,0
DA:217,0
DA:220,0
DA:221,0
DA:223,0
DA:248,0
DA:249,0
DA:251,0
DA:265,0
DA:266,0
DA:268,0
DA:275,0
DA:277,0
DA:278,0
DA:279,0
DA:283,0
DA:295,0
DA:305,0
DA:307,0
DA:314,0
DA:321,0
DA:329,0
DA:331,0
DA:339,0
DA:341,0
DA:342,0
DA:343,0
DA:350,0
DA:351,0
DA:352,0
DA:359,0
DA:362,0
DA:365,0
DA:375,0
DA:377,0
DA:380,0
DA:381,0
DA:384,0
DA:391,0
DA:403,0
DA:406,0
DA:407,0
DA:410,0
DA:420,0
DA:429,0
DA:443,0
DA:450,0
DA:466,0
DA:469,0
DA:470,0
DA:473,0
DA:477,0
DA:478,0
DA:481,0
DA:482,0
DA:486,0
DA:487,0
DA:490,0
DA:507,0
DA:522,0
DA:523,0
DA:528,0
DA:532,0
DA:534,0
DA:545,0
DA:548,0
DA:549,0
DA:558,0
DA:559,0
DA:568,0
DA:569,0
DA:577,0
DA:584,0
DA:585,0
DA:588,0
DA:589,0
DA:593,0
DA:603,0
DA:610,0
DA:612,0
DA:613,0
DA:614,0
DA:618,0
DA:625,0
DA:632,0
DA:633,0
DA:635,0
DA:642,0
DA:708,0
DA:710,0
DA:750,0
DA:752,0
DA:799,0
DA:801,0
DA:860,0
DA:861,0
DA:862,0
DA:866,0
DA:867,0
DA:871,0
DA:872,0
DA:873,0
DA:877,0
DA:878,0
DA:879,0
DA:880,0
DA:885,0
DA:892,0
DA:893,0
LF:155
LH:0
BRDA:31,0,0,0
BRDA:52,1,0,0
BRDA:67,2,0,0
BRDA:71,3,0,0
BRDA:77,4,0,0
BRDA:77,5,0,0
BRDA:77,5,1,0
BRDA:113,6,0,0
BRDA:113,7,0,0
BRDA:113,7,1,0
BRDA:122,8,0,0
BRDA:135,9,0,0
BRDA:135,9,1,0
BRDA:153,10,0,0
BRDA:153,11,0,0
BRDA:153,11,1,0
BRDA:162,12,0,0
BRDA:176,13,0,0
BRDA:176,13,1,0
BRDA:192,14,0,0
BRDA:195,15,0,0
BRDA:195,16,0,0
BRDA:195,16,1,0
BRDA:204,17,0,0
BRDA:214,18,0,0
BRDA:214,18,1,0
BRDA:217,19,0,0
BRDA:217,19,1,0
BRDA:225,20,0,0
BRDA:225,20,1,0
BRDA:229,21,0,0
BRDA:229,21,1,0
BRDA:246,22,0,0
BRDA:251,23,0,0
BRDA:251,23,1,0
BRDA:278,24,0,0
BRDA:342,25,0,0
BRDA:351,26,0,0
BRDA:351,27,0,0
BRDA:351,27,1,0
BRDA:370,28,0,0
BRDA:370,28,1,0
BRDA:375,29,0,0
BRDA:375,29,1,0
BRDA:380,30,0,0
BRDA:403,31,0,0
BRDA:403,31,1,0
BRDA:469,32,0,0
BRDA:469,33,0,0
BRDA:469,33,1,0
BRDA:473,34,0,0
BRDA:473,35,0,0
BRDA:473,35,1,0
BRDA:477,36,0,0
BRDA:477,37,0,0
BRDA:477,37,1,0
BRDA:481,38,0,0
BRDA:481,39,0,0
BRDA:481,39,1,0
BRDA:486,40,0,0
BRDA:522,41,0,0
BRDA:548,42,0,0
BRDA:558,43,0,0
BRDA:568,44,0,0
BRDA:584,45,0,0
BRDA:588,46,0,0
BRDA:613,47,0,0
BRDA:860,48,0,0
BRDA:866,49,0,0
BRDA:871,50,0,0
BRDA:877,51,0,0
BRDA:879,52,0,0
BRF:72
BRH:0
end_of_record
TN:
SF:src/config/entitlements/scheduled-action.runner.ts
FN:24,(anonymous_5)
FN:17,(anonymous_7)
FN:48,(anonymous_9)
FN:67,(anonymous_10)
FNF:4
FNH:0
FNDA:0,(anonymous_5)
FNDA:0,(anonymous_7)
FNDA:0,(anonymous_9)
FNDA:0,(anonymous_10)
DA:8,0
DA:9,0
DA:12,0
DA:13,0
DA:14,0
DA:15,0
DA:17,0
DA:23,0
DA:24,0
DA:25,0
DA:26,0
DA:27,0
DA:30,0
DA:32,0
DA:33,0
DA:35,0
DA:36,0
DA:39,0
DA:41,0
DA:49,0
DA:50,0
DA:53,0
DA:55,0
DA:56,0
DA:57,0
DA:58,0
DA:60,0
DA:68,0
LF:28
LH:0
BRDA:25,0,0,0
BRDA:35,1,0,0
BRDA:49,2,0,0
BRF:3
BRH:0
end_of_record
TN:
SF:src/config/entitlements/tier.lifecycle.ts
FN:195,(anonymous_0)
FN:202,(anonymous_1)
FN:218,(anonymous_2)
FN:237,(anonymous_3)
FN:257,(anonymous_4)
FN:264,(anonymous_5)
FN:413,(anonymous_6)
FN:440,(anonymous_7)
FN:471,(anonymous_8)
FN:505,(anonymous_9)
FNF:10
FNH:0
FNDA:0,(anonymous_0)
FNDA:0,(anonymous_1)
FNDA:0,(anonymous_2)
FNDA:0,(anonymous_3)
FNDA:0,(anonymous_4)
FNDA:0,(anonymous_5)
FNDA:0,(anonymous_6)
FNDA:0,(anonymous_7)
FNDA:0,(anonymous_8)
FNDA:0,(anonymous_9)
DA:192,0
DA:196,0
DA:203,0
DA:205,0
DA:206,0
DA:212,0
DA:219,0
DA:221,0
DA:223,0
DA:231,0
DA:239,0
DA:240,0
DA:241,0
DA:245,0
DA:246,0
DA:247,0
DA:251,0
DA:258,0
DA:265,0
DA:267,0
DA:268,0
DA:270,0
DA:271,0
DA:272,0
DA:273,0
DA:275,0
DA:283,0
DA:397,0
DA:408,0
DA:414,0
DA:441,0
DA:472,0
DA:477,0
DA:479,0
DA:506,0
DA:529,0
LF:36
LH:0
BRDA:195,0,0,0
BRDA:203,1,0,0
BRDA:203,1,1,0
BRDA:205,2,0,0
BRDA:221,3,0,0
BRDA:240,4,0,0
BRDA:246,5,0,0
BRDA:258,6,0,0
BRDA:258,6,1,0
BRDA:267,7,0,0
BRDA:267,7,1,0
BRDA:268,8,0,0
BRDA:268,8,1,0
BRDA:270,9,0,0
BRDA:270,9,1,0
BRDA:272,10,0,0
BRDA:272,10,1,0
BRDA:477,11,0,0
BRDA:477,11,1,0
BRF:19
BRH:0
end_of_record
TN:
SF:src/config/templates/template.repository.ts
FN:20,(anonymous_5)
FN:25,(anonymous_6)
FN:69,(anonymous_7)
FN:85,(anonymous_8)
FN:100,(anonymous_9)
FN:111,(anonymous_10)
FN:121,(anonymous_11)
FN:180,(anonymous_12)
FN:256,(anonymous_13)
FN:278,(anonymous_14)
FN:296,(anonymous_15)
FN:324,(anonymous_16)
FN:325,(anonymous_17)
FN:331,(anonymous_18)
FNF:14
FNH:0
FNDA:0,(anonymous_5)
FNDA:0,(anonymous_6)
FNDA:0,(anonymous_7)
FNDA:0,(anonymous_8)
FNDA:0,(anonymous_9)
FNDA:0,(anonymous_10)
FNDA:0,(anonymous_11)
FNDA:0,(anonymous_12)
FNDA:0,(anonymous_13)
FNDA:0,(anonymous_14)
FNDA:0,(anonymous_15)
FNDA:0,(anonymous_16)
FNDA:0,(anonymous_17)
FNDA:0,(anonymous_18)
DA:8,0
DA:16,0
DA:17,0
DA:18,0
DA:20,0
DA:26,0
DA:33,0
DA:34,0
DA:63,0
DA:70,0
DA:79,0
DA:86,0
DA:94,0
DA:101,0
DA:111,0
DA:122,0
DA:123,0
DA:126,0
DA:127,0
DA:128,0
DA:129,0
DA:135,0
DA:136,0
DA:137,0
DA:138,0
DA:139,0
DA:140,0
DA:141,0
DA:142,0
DA:144,0
DA:145,0
DA:153,0
DA:154,0
DA:155,0
DA:156,0
DA:157,0
DA:163,0
DA:164,0
DA:165,0
DA:166,0
DA:171,0
DA:181,0
DA:257,0
DA:258,0
DA:279,0
DA:280,0
DA:297,0
DA:298,0
DA:325,0
DA:332,0
LF:50
LH:0
BRDA:73,0,0,0
BRDA:73,0,1,0
BRDA:76,1,0,0
BRDA:76,1,1,0
BRDA:79,2,0,0
BRDA:79,2,1,0
BRDA:89,3,0,0
BRDA:89,3,1,0
BRDA:126,4,0,0
BRDA:128,5,0,0
BRDA:135,6,0,0
BRDA:138,7,0,0
BRDA:139,8,0,0
BRDA:141,9,0,0
BRDA:141,10,0,0
BRDA:141,10,1,0
BRDA:144,11,0,0
BRDA:144,12,0,0
BRDA:144,12,1,0
BRDA:153,13,0,0
BRDA:156,14,0,0
BRDA:156,15,0,0
BRDA:156,15,1,0
BRDA:163,16,0,0
BRDA:165,17,0,0
BRF:25
BRH:0
end_of_record
TN:
SF:src/config/templates/template.service.ts
FN:33,(anonymous_5)
FN:41,(anonymous_6)
FN:48,(anonymous_7)
FN:53,(anonymous_8)
FN:57,(anonymous_9)
FN:61,(anonymous_10)
FN:79,(anonymous_11)
FN:106,(anonymous_12)
FN:141,(anonymous_13)
FN:148,(anonymous_14)
FN:160,(anonymous_15)
FN:195,(anonymous_16)
FN:238,(anonymous_17)
FN:248,(anonymous_18)
FN:279,(anonymous_19)
FN:309,(anonymous_20)
FN:334,(anonymous_21)
FN:381,(anonymous_22)
FN:388,(anonymous_23)
FN:395,(anonymous_24)
FN:413,(anonymous_25)
FN:419,(anonymous_26)
FN:425,(anonymous_27)
FN:432,(anonymous_28)
FN:438,(anonymous_29)
FNF:25
FNH:0
FNDA:0,(anonymous_5)
FNDA:0,(anonymous_6)
FNDA:0,(anonymous_7)
FNDA:0,(anonymous_8)
FNDA:0,(anonymous_9)
FNDA:0,(anonymous_10)
FNDA:0,(anonymous_11)
FNDA:0,(anonymous_12)
FNDA:0,(anonymous_13)
FNDA:0,(anonymous_14)
FNDA:0,(anonymous_15)
FNDA:0,(anonymous_16)
FNDA:0,(anonymous_17)
FNDA:0,(anonymous_18)
FNDA:0,(anonymous_19)
FNDA:0,(anonymous_20)
FNDA:0,(anonymous_21)
FNDA:0,(anonymous_22)
FNDA:0,(anonymous_23)
FNDA:0,(anonymous_24)
FNDA:0,(anonymous_25)
FNDA:0,(anonymous_26)
FNDA:0,(anonymous_27)
FNDA:0,(anonymous_28)
FNDA:0,(anonymous_29)
DA:8,0
DA:19,0
DA:20,0
DA:21,0
DA:24,0
DA:27,0
DA:35,0
DA:42,0
DA:49,0
DA:52,0
DA:53,0
DA:56,0
DA:57,0
DA:60,0
DA:61,0
DA:65,0
DA:66,0
DA:69,0
DA:70,0
DA:73,0
DA:81,0
DA:82,0
DA:83,0
DA:87,0
DA:88,0
DA:91,0
DA:97,0
DA:98,0
DA:100,0
DA:110,0
DA:111,0
DA:112,0
DA:116,0
DA:117,0
DA:120,0
DA:127,0
DA:128,0
DA:129,0
DA:132,0
DA:133,0
DA:135,0
DA:142,0
DA:143,0
DA:147,0
DA:148,0
DA:149,0
DA:152,0
DA:153,0
DA:164,0
DA:165,0
DA:166,0
DA:172,0
DA:173,0
DA:179,0
DA:180,0
DA:181,0
DA:182,0
DA:184,0
DA:185,0
DA:196,0
DA:197,0
DA:200,0
DA:201,0
DA:202,0
DA:203,0
DA:204,0
DA:207,0
DA:208,0
DA:212,0
DA:213,0
DA:217,0
DA:218,0
DA:219,0
DA:223,0
DA:224,0
DA:225,0
DA:228,0
DA:239,0
DA:240,0
DA:242,0
DA:249,0
DA:280,0
DA:310,0
DA:335,0
DA:383,0
DA:384,0
DA:385,0
DA:390,0
DA:392,0
DA:396,0
DA:414,0
DA:415,0
DA:416,0
DA:420,0
DA:422,0
DA:426,0
DA:427,0
DA:428,0
DA:429,0
DA:433,0
DA:434,0
DA:435,0
DA:444,0
LF:103
LH:0
BRDA:42,0,0,0
BRDA:42,0,1,0
BRDA:48,1,0,0
BRDA:52,2,0,0
BRDA:56,3,0,0
BRDA:60,4,0,0
BRDA:65,5,0,0
BRDA:69,6,0,0
BRDA:82,7,0,0
BRDA:87,8,0,0
BRDA:111,9,0,0
BRDA:116,10,0,0
BRDA:116,11,0,0
BRDA:116,11,1,0
BRDA:128,12,0,0
BRDA:142,13,0,0
BRDA:148,14,0,0
BRDA:165,15,0,0
BRDA:172,16,0,0
BRDA:200,17,0,0
BRDA:201,18,0,0
BRDA:202,19,0,0
BRDA:203,20,0,0
BRDA:204,21,0,0
BRDA:207,22,0,0
BRDA:207,23,0,0
BRDA:207,23,1,0
BRDA:212,24,0,0
BRDA:212,25,0,0
BRDA:212,25,1,0
BRDA:217,26,0,0
BRDA:223,27,0,0
BRDA:427,28,0,0
BRDA:428,29,0,0
BRDA:434,30,0,0
BRF:35
BRH:0
end_of_record
TN:
SF:src/eventing/durable-event-publisher.ts
FN:23,(anonymous_5)
FN:31,(anonymous_6)
FN:79,(anonymous_7)
FNF:3
FNH:0
FNDA:0,(anonymous_5)
FNDA:0,(anonymous_6)
FNDA:0,(anonymous_7)
DA:8,0
DA:19,0
DA:20,0
DA:21,0
DA:24,0
DA:35,0
DA:37,0
DA:49,0
DA:56,0
DA:57,0
DA:61,0
DA:64,0
DA:71,0
DA:80,0
DA:81,0
DA:84,0
LF:16
LH:0
BRDA:56,0,0,0
BRF:1
BRH:0
end_of_record
TN:
SF:src/eventing/eventing.module.ts
FNF:0
FNH:0
DA:1,0
DA:2,0
DA:3,0
DA:4,0
DA:5,0
DA:6,0
DA:7,0
DA:9,0
DA:37,0
LF:9
LH:0
BRF:0
BRH:0
end_of_record
TN:
SF:src/eventing/outbox-dispatcher.ts
FN:27,(anonymous_5)
FN:34,(anonymous_6)
FN:56,(anonymous_8)
FN:43,(anonymous_10)
FN:89,(anonymous_12)
FN:106,(anonymous_13)
FN:135,(anonymous_14)
FN:165,(anonymous_15)
FN:190,(anonymous_16)
FN:197,(anonymous_17)
FNF:10
FNH:0
FNDA:0,(anonymous_5)
FNDA:0,(anonymous_6)
FNDA:0,(anonymous_8)
FNDA:0,(anonymous_10)
FNDA:0,(anonymous_12)
FNDA:0,(anonymous_13)
FNDA:0,(anonymous_14)
FNDA:0,(anonymous_15)
FNDA:0,(anonymous_16)
FNDA:0,(anonymous_17)
DA:8,0
DA:9,0
DA:11,0
DA:23,0
DA:24,0
DA:25,0
DA:28,0
DA:34,0
DA:38,0
DA:39,0
DA:40,0
DA:41,0
DA:44,0
DA:46,0
DA:47,0
DA:48,0
DA:55,0
DA:56,0
DA:57,0
DA:58,0
DA:59,0
DA:63,0
DA:64,0
DA:65,0
DA:69,0
DA:70,0
DA:71,0
DA:72,0
DA:75,0
DA:77,0
DA:78,0
DA:80,0
DA:82,0
DA:90,0
DA:91,0
DA:94,0
DA:96,0
DA:97,0
DA:99,0
DA:107,0
DA:109,0
DA:110,0
DA:113,0
DA:115,0
DA:117,0
DA:118,0
DA:119,0
DA:120,0
DA:122,0
DA:125,0
DA:129,0
DA:136,0
DA:138,0
DA:140,0
DA:143,0
DA:146,0
DA:147,0
DA:149,0
DA:155,0
DA:156,0
DA:158,0
DA:166,0
DA:168,0
DA:170,0
DA:171,0
DA:178,0
DA:179,0
DA:191,0
DA:202,0
DA:204,0
LF:70
LH:0
BRDA:57,0,0,0
BRDA:63,1,0,0
BRDA:70,2,0,0
BRDA:90,3,0,0
BRDA:109,4,0,0
BRDA:168,5,0,0
BRDA:168,5,1,0
BRF:7
BRH:0
end_of_record
TN:
SF:src/eventing/outbox.repository.ts
FN:37,(anonymous_5)
FN:42,(anonymous_6)
FN:88,(anonymous_7)
FN:120,(anonymous_8)
FN:135,(anonymous_9)
FN:151,(anonymous_10)
FN:166,(anonymous_11)
FN:181,(anonymous_12)
FN:196,(anonymous_13)
FN:249,(anonymous_14)
FN:267,(anonymous_15)
FNF:11
FNH:0
FNDA:0,(anonymous_5)
FNDA:0,(anonymous_6)
FNDA:0,(anonymous_7)
FNDA:0,(anonymous_8)
FNDA:0,(anonymous_9)
FNDA:0,(anonymous_10)
FNDA:0,(anonymous_11)
FNDA:0,(anonymous_12)
FNDA:0,(anonymous_13)
FNDA:0,(anonymous_14)
FNDA:0,(anonymous_15)
DA:8,0
DA:33,0
DA:34,0
DA:35,0
DA:37,0
DA:43,0
DA:44,0
DA:56,0
DA:62,0
DA:65,0
DA:66,0
DA:70,0
DA:73,0
DA:74,0
DA:78,0
DA:81,0
DA:90,0
DA:110,0
DA:111,0
DA:114,0
DA:121,0
DA:129,0
DA:136,0
DA:145,0
DA:152,0
DA:160,0
DA:167,0
DA:175,0
DA:182,0
DA:190,0
DA:204,0
DA:211,0
DA:220,0
DA:221,0
DA:222,0
DA:224,0
DA:226,0
DA:227,0
DA:229,0
DA:230,0
DA:232,0
DA:233,0
DA:235,0
DA:236,0
DA:238,0
DA:239,0
DA:243,0
DA:253,0
DA:261,0
DA:268,0
DA:269,0
DA:271,0
DA:280,0
DA:281,0
LF:54
LH:0
BRDA:65,0,0,0
BRDA:65,1,0,0
BRDA:65,1,1,0
BRDA:73,2,0,0
BRDA:73,3,0,0
BRDA:73,3,1,0
BRDA:88,4,0,0
BRDA:110,5,0,0
BRDA:166,6,0,0
BRDA:181,7,0,0
BRDA:224,8,0,0
BRDA:224,8,1,0
BRDA:224,8,2,0
BRDA:224,8,3,0
BRDA:224,8,4,0
BRDA:267,9,0,0
BRF:16
BRH:0
end_of_record
TN:
SF:src/execution/execution.controller.ts
FN:31,(anonymous_5)
FN:95,(anonymous_7)
FN:155,(anonymous_9)
FN:215,(anonymous_11)
FN:229,(anonymous_13)
FN:244,(anonymous_15)
FN:258,(anonymous_17)
FN:20,(anonymous_19)
FNF:8
FNH:0
FNDA:0,(anonymous_5)
FNDA:0,(anonymous_7)
FNDA:0,(anonymous_9)
FNDA:0,(anonymous_11)
FNDA:0,(anonymous_13)
FNDA:0,(anonymous_15)
FNDA:0,(anonymous_17)
FNDA:0,(anonymous_19)
DA:7,0
DA:10,0
DA:11,0
DA:12,0
DA:13,0
DA:15,0
DA:17,0
DA:18,0
DA:21,0
DA:22,0
DA:29,0
DA:31,0
DA:44,0
DA:45,0
DA:47,0
DA:53,0
DA:54,0
DA:68,0
DA:75,0
DA:81,0
DA:93,0
DA:95,0
DA:105,0
DA:106,0
DA:107,0
DA:109,0
DA:117,0
DA:118,0
DA:127,0
DA:134,0
DA:141,0
DA:153,0
DA:155,0
DA:163,0
DA:164,0
DA:165,0
DA:168,0
DA:171,0
DA:179,0
DA:180,0
DA:187,0
DA:194,0
DA:202,0
DA:213,0
DA:215,0
DA:216,0
DA:218,0
DA:227,0
DA:229,0
DA:230,0
DA:232,0
DA:242,0
DA:244,0
DA:246,0
DA:256,0
DA:258,0
DA:265,0
DA:266,0
DA:267,0
DA:269,0
DA:276,0
DA:277,0
DA:279,0
DA:285,0
DA:293,0
LF:65
LH:0
BRDA:44,0,0,0
BRDA:44,0,1,0
BRDA:60,1,0,0
BRDA:60,1,1,0
BRDA:61,2,0,0
BRDA:61,2,1,0
BRDA:62,3,0,0
BRDA:62,3,1,0
BRDA:63,4,0,0
BRDA:63,4,1,0
BRDA:64,5,0,0
BRDA:64,5,1,0
BRDA:168,6,0,0
BRDA:168,6,1,0
BRF:14
BRH:0
end_of_record
TN:
SF:src/execution/execution.module.ts
FNF:0
FNH:0
DA:5,0
DA:6,0
DA:7,0
DA:8,0
DA:9,0
DA:10,0
DA:12,0
DA:22,0
LF:8
LH:0
BRF:0
BRH:0
end_of_record
TN:
SF:src/execution/execution.repository.ts
FN:13,(anonymous_5)
FN:15,(anonymous_6)
FN:36,(anonymous_7)
FN:44,(anonymous_8)
FN:52,(anonymous_9)
FN:61,(anonymous_10)
FN:67,(anonymous_11)
FN:83,(anonymous_13)
FN:85,(anonymous_14)
FN:93,(anonymous_15)
FN:114,(anonymous_16)
FN:120,(anonymous_17)
FNF:12
FNH:0
FNDA:0,(anonymous_5)
FNDA:0,(anonymous_6)
FNDA:0,(anonymous_7)
FNDA:0,(anonymous_8)
FNDA:0,(anonymous_9)
FNDA:0,(anonymous_10)
FNDA:0,(anonymous_11)
FNDA:0,(anonymous_13)
FNDA:0,(anonymous_14)
FNDA:0,(anonymous_15)
FNDA:0,(anonymous_16)
FNDA:0,(anonymous_17)
DA:7,0
DA:11,0
DA:12,0
DA:13,0
DA:16,0
DA:33,0
DA:37,0
DA:41,0
DA:45,0
DA:49,0
DA:53,0
DA:58,0
DA:62,0
DA:68,0
DA:69,0
DA:77,0
DA:81,0
DA:82,0
DA:83,0
DA:86,0
DA:90,0
DA:94,0
DA:115,0
DA:121,0
DA:122,0
DA:126,0
LF:26
LH:0
BRF:0
BRH:0
end_of_record
TN:
SF:src/execution/execution.service.ts
FN:25,(anonymous_5)
FN:41,(anonymous_6)
FN:138,(anonymous_7)
FN:149,(anonymous_8)
FN:191,(anonymous_9)
FN:274,(anonymous_10)
FN:401,(anonymous_11)
FN:422,(anonymous_12)
FN:436,(anonymous_13)
FNF:9
FNH:0
FNDA:0,(anonymous_5)
FNDA:0,(anonymous_6)
FNDA:0,(anonymous_7)
FNDA:0,(anonymous_8)
FNDA:0,(anonymous_9)
FNDA:0,(anonymous_10)
FNDA:0,(anonymous_11)
FNDA:0,(anonymous_12)
FNDA:0,(anonymous_13)
DA:7,0
DA:8,0
DA:10,0
DA:14,0
DA:19,0
DA:20,0
DA:21,0
DA:26,0
DA:27,0
DA:28,0
DA:29,0
DA:30,0
DA:31,0
DA:32,0
DA:34,0
DA:35,0
DA:43,0
DA:55,0
DA:56,0
DA:60,0
DA:66,0
DA:69,0
DA:70,0
DA:78,0
DA:79,0
DA:87,0
DA:101,0
DA:109,0
DA:129,0
DA:140,0
DA:146,0
DA:151,0
DA:164,0
DA:165,0
DA:169,0
DA:172,0
DA:173,0
DA:179,0
DA:180,0
DA:181,0
DA:185,0
DA:186,0
DA:190,0
DA:191,0
DA:192,0
DA:195,0
DA:196,0
DA:201,0
DA:202,0
DA:208,0
DA:212,0
DA:219,0
DA:221,0
DA:223,0
DA:229,0
DA:251,0
DA:254,0
DA:268,0
DA:275,0
DA:278,0
DA:284,0
DA:285,0
DA:290,0
DA:293,0
DA:295,0
DA:300,0
DA:301,0
DA:305,0
DA:306,0
DA:311,0
DA:312,0
DA:320,0
DA:324,0
DA:332,0
DA:333,0
DA:342,0
DA:351,0
DA:354,0
DA:374,0
DA:375,0
DA:382,0
DA:386,0
DA:394,0
DA:402,0
DA:405,0
DA:423,0
DA:437,0
LF:87
LH:0
BRDA:55,0,0,0
BRDA:63,1,0,0
BRDA:63,1,1,0
BRDA:69,2,0,0
BRDA:78,3,0,0
BRDA:94,4,0,0
BRDA:94,4,1,0
BRDA:164,5,0,0
BRDA:172,6,0,0
BRDA:179,7,0,0
BRDA:179,7,1,0
BRDA:180,8,0,0
BRDA:185,9,0,0
BRDA:185,10,0,0
BRDA:185,10,1,0
BRDA:192,11,0,0
BRDA:192,11,1,0
BRDA:195,12,0,0
BRDA:201,13,0,0
BRDA:201,13,1,0
BRDA:214,14,0,0
BRDA:214,14,1,0
BRDA:215,15,0,0
BRDA:215,15,1,0
BRDA:215,15,2,0
BRDA:221,16,0,0
BRDA:244,17,0,0
BRDA:244,17,1,0
BRDA:245,18,0,0
BRDA:245,18,1,0
BRDA:245,19,0,0
BRDA:245,19,1,0
BRDA:284,20,0,0
BRDA:300,21,0,0
BRDA:305,22,0,0
BRDA:311,23,0,0
BRDA:332,24,0,0
BRDA:374,25,0,0
BRF:38
BRH:0
end_of_record
TN:
SF:src/ghl-read/ghl-read.controller.ts
FN:32,(anonymous_5)
FN:74,(anonymous_7)
FN:116,(anonymous_9)
FN:149,(anonymous_11)
FN:189,(anonymous_13)
FN:233,(anonymous_15)
FN:296,(anonymous_17)
FN:334,(anonymous_19)
FN:365,(anonymous_21)
FN:396,(anonymous_23)
FN:26,(anonymous_25)
FNF:11
FNH:0
FNDA:0,(anonymous_5)
FNDA:0,(anonymous_7)
FNDA:0,(anonymous_9)
FNDA:0,(anonymous_11)
FNDA:0,(anonymous_13)
FNDA:0,(anonymous_15)
FNDA:0,(anonymous_17)
FNDA:0,(anonymous_19)
FNDA:0,(anonymous_21)
FNDA:0,(anonymous_23)
FNDA:0,(anonymous_25)
DA:8,0
DA:22,0
DA:23,0
DA:24,0
DA:26,0
DA:31,0
DA:32,0
DA:40,0
DA:42,0
DA:43,0
DA:50,0
DA:58,0
DA:59,0
DA:73,0
DA:74,0
DA:82,0
DA:84,0
DA:85,0
DA:92,0
DA:100,0
DA:101,0
DA:115,0
DA:116,0
DA:120,0
DA:122,0
DA:123,0
DA:125,0
DA:133,0
DA:134,0
DA:148,0
DA:149,0
DA:154,0
DA:156,0
DA:157,0
DA:163,0
DA:173,0
DA:174,0
DA:188,0
DA:189,0
DA:193,0
DA:195,0
DA:196,0
DA:198,0
DA:199,0
DA:207,0
DA:217,0
DA:218,0
DA:232,0
DA:233,0
DA:238,0
DA:240,0
DA:241,0
DA:243,0
DA:244,0
DA:255,0
DA:256,0
DA:266,0
DA:276,0
DA:277,0
DA:280,0
DA:281,0
DA:295,0
DA:296,0
DA:302,0
DA:304,0
DA:305,0
DA:311,0
DA:318,0
DA:319,0
DA:333,0
DA:334,0
DA:338,0
DA:340,0
DA:341,0
DA:343,0
DA:349,0
DA:350,0
DA:364,0
DA:365,0
DA:369,0
DA:371,0
DA:372,0
DA:374,0
DA:380,0
DA:381,0
DA:395,0
DA:396,0
DA:400,0
DA:402,0
DA:403,0
DA:405,0
DA:415,0
DA:416,0
LF:93
LH:0
BRDA:44,0,0,0
BRDA:44,0,1,0
BRDA:45,1,0,0
BRDA:45,1,1,0
BRDA:47,2,0,0
BRDA:47,2,1,0
BRDA:86,3,0,0
BRDA:86,3,1,0
BRDA:87,4,0,0
BRDA:87,4,1,0
BRDA:198,5,0,0
BRDA:243,6,0,0
BRDA:255,7,0,0
BRDA:276,8,0,0
BRDA:307,9,0,0
BRDA:307,9,1,0
BRDA:308,10,0,0
BRDA:308,10,1,0
BRF:18
BRH:0
end_of_record
TN:
SF:src/ghl-read/ghl-read.module.ts
FNF:0
FNH:0
DA:7,0
DA:8,0
DA:9,0
DA:11,0
DA:16,0
LF:5
LH:0
BRF:0
BRH:0
end_of_record
TN:
SF:src/ghl-read/ghl-read.service.ts
FN:28,(anonymous_5)
FN:35,(anonymous_6)
FN:72,(anonymous_7)
FN:119,(anonymous_8)
FN:164,(anonymous_9)
FN:192,(anonymous_10)
FN:232,(anonymous_11)
FN:253,(anonymous_12)
FN:273,(anonymous_13)
FN:294,(anonymous_14)
FN:323,(anonymous_15)
FN:362,(anonymous_16)
FN:400,(anonymous_17)
FNF:13
FNH:0
FNDA:0,(anonymous_5)
FNDA:0,(anonymous_6)
FNDA:0,(anonymous_7)
FNDA:0,(anonymous_8)
FNDA:0,(anonymous_9)
FNDA:0,(anonymous_10)
FNDA:0,(anonymous_11)
FNDA:0,(anonymous_12)
FNDA:0,(anonymous_13)
FNDA:0,(anonymous_14)
FNDA:0,(anonymous_15)
FNDA:0,(anonymous_16)
FNDA:0,(anonymous_17)
DA:8,0
DA:10,0
DA:21,0
DA:22,0
DA:23,0
DA:24,0
DA:25,0
DA:26,0
DA:29,0
DA:36,0
DA:37,0
DA:53,0
DA:54,0
DA:57,0
DA:58,0
DA:60,0
DA:61,0
DA:63,0
DA:66,0
DA:82,0
DA:83,0
DA:86,0
DA:93,0
DA:100,0
DA:106,0
DA:108,0
DA:113,0
DA:129,0
DA:130,0
DA:132,0
DA:138,0
DA:145,0
DA:151,0
DA:153,0
DA:158,0
DA:165,0
DA:166,0
DA:168,0
DA:174,0
DA:180,0
DA:182,0
DA:186,0
DA:197,0
DA:198,0
DA:200,0
DA:206,0
DA:212,0
DA:217,0
DA:219,0
DA:226,0
DA:233,0
DA:235,0
DA:237,0
DA:238,0
DA:244,0
DA:247,0
DA:255,0
DA:256,0
DA:257,0
DA:258,0
DA:262,0
DA:266,0
DA:267,0
DA:278,0
DA:280,0
DA:282,0
DA:288,0
DA:295,0
DA:297,0
DA:298,0
DA:306,0
DA:307,0
DA:308,0
DA:309,0
DA:311,0
DA:326,0
DA:328,0
DA:329,0
DA:339,0
DA:341,0
DA:367,0
DA:368,0
DA:369,0
DA:372,0
DA:373,0
DA:375,0
DA:376,0
DA:383,0
DA:388,0
DA:389,0
DA:401,0
DA:403,0
DA:404,0
DA:405,0
DA:406,0
DA:408,0
DA:409,0
DA:412,0
DA:416,0
DA:417,0
LF:100
LH:0
BRDA:36,0,0,0
BRDA:39,1,0,0
BRDA:39,1,1,0
BRDA:43,2,0,0
BRDA:43,2,1,0
BRDA:44,3,0,0
BRDA:44,3,1,0
BRDA:48,4,0,0
BRDA:48,4,1,0
BRDA:89,5,0,0
BRDA:89,5,1,0
BRDA:103,6,0,0
BRDA:103,6,1,0
BRDA:135,7,0,0
BRDA:135,7,1,0
BRDA:148,8,0,0
BRDA:148,8,1,0
BRDA:171,9,0,0
BRDA:171,9,1,0
BRDA:177,10,0,0
BRDA:177,10,1,0
BRDA:203,11,0,0
BRDA:203,11,1,0
BRDA:209,12,0,0
BRDA:209,12,1,0
BRDA:214,13,0,0
BRDA:214,13,1,0
BRDA:237,14,0,0
BRDA:237,14,1,0
BRDA:257,15,0,0
BRDA:275,16,0,0
BRDA:276,17,0,0
BRDA:297,18,0,0
BRDA:328,19,0,0
BRDA:375,20,0,0
BRDA:385,21,0,0
BRDA:385,21,1,0
BRDA:408,22,0,0
BRF:38
BRH:0
end_of_record
TN:
SF:src/integrations/ghl/ghl-auth.controller.ts
FN:18,(anonymous_5)
FN:79,(anonymous_7)
FN:12,(anonymous_9)
FN:208,(anonymous_12)
FN:238,(anonymous_13)
FN:253,(anonymous_14)
FN:297,(anonymous_15)
FNF:7
FNH:0
FNDA:0,(anonymous_5)
FNDA:0,(anonymous_7)
FNDA:0,(anonymous_9)
FNDA:0,(anonymous_12)
FNDA:0,(anonymous_13)
FNDA:0,(anonymous_14)
FNDA:0,(anonymous_15)
DA:3,0
DA:6,0
DA:8,0
DA:9,0
DA:10,0
DA:12,0
DA:17,0
DA:18,0
DA:24,0
DA:26,0
DA:27,0
DA:34,0
DA:36,0
DA:44,0
DA:45,0
DA:48,0
DA:60,0
DA:68,0
DA:78,0
DA:79,0
DA:86,0
DA:89,0
DA:90,0
DA:97,0
DA:110,0
DA:111,0
DA:117,0
DA:128,0
DA:131,0
DA:133,0
DA:140,0
DA:142,0
DA:143,0
DA:149,0
DA:161,0
DA:169,0
DA:170,0
DA:182,0
DA:186,0
DA:192,0
DA:214,0
DA:238,0
DA:247,0
DA:258,0
DA:297,0
DA:308,0
LF:46
LH:0
BRDA:20,0,0,0
BRDA:21,1,0,0
BRDA:40,2,0,0
BRDA:40,2,1,0
BRDA:44,3,0,0
BRDA:89,4,0,0
BRDA:100,5,0,0
BRDA:100,5,1,0
BRDA:110,6,0,0
BRDA:110,7,0,0
BRDA:110,7,1,0
BRDA:137,8,0,0
BRDA:137,8,1,0
BRDA:142,9,0,0
BRDA:152,10,0,0
BRDA:152,10,1,0
BRDA:169,11,0,0
BRDA:169,11,1,0
BRDA:172,12,0,0
BRDA:172,12,1,0
BRF:20
BRH:0
end_of_record
TN:
SF:src/integrations/ghl/ghl-health.controller.ts
FN:17,(anonymous_5)
FN:11,(anonymous_7)
FN:40,(anonymous_9)
FN:70,(anonymous_10)
FN:80,(anonymous_11)
FN:114,(anonymous_12)
FN:139,(anonymous_13)
FNF:7
FNH:0
FNDA:0,(anonymous_5)
FNDA:0,(anonymous_7)
FNDA:0,(anonymous_9)
FNDA:0,(anonymous_10)
FNDA:0,(anonymous_11)
FNDA:0,(anonymous_12)
FNDA:0,(anonymous_13)
DA:3,0
DA:5,0
DA:7,0
DA:8,0
DA:9,0
DA:11,0
DA:16,0
DA:17,0
DA:18,0
DA:20,0
DA:21,0
DA:26,0
DA:40,0
DA:41,0
DA:43,0
DA:49,0
DA:52,0
DA:58,0
DA:71,0
DA:72,0
DA:80,0
DA:82,0
DA:83,0
DA:91,0
DA:92,0
DA:98,0
DA:104,0
DA:115,0
DA:118,0
DA:121,0
DA:123,0
DA:129,0
DA:140,0
DA:141,0
DA:147,0
DA:148,0
DA:154,0
LF:37
LH:0
BRDA:41,0,0,0
BRDA:41,0,1,0
BRDA:82,1,0,0
BRDA:91,2,0,0
BRDA:91,3,0,0
BRDA:91,3,1,0
BRDA:140,4,0,0
BRDA:147,5,0,0
BRF:8
BRH:0
end_of_record
TN:
SF:src/integrations/ghl/ghl-webhook.controller.ts
FN:25,(anonymous_5)
FN:13,(anonymous_7)
FNF:2
FNH:0
FNDA:0,(anonymous_5)
FNDA:0,(anonymous_7)
DA:3,0
DA:6,0
DA:9,0
DA:10,0
DA:11,0
DA:14,0
DA:15,0
DA:24,0
DA:25,0
DA:30,0
DA:31,0
DA:34,0
DA:35,0
DA:36,0
DA:38,0
DA:49,0
DA:50,0
DA:56,0
DA:63,0
DA:65,0
DA:72,0
DA:74,0
DA:76,0
DA:80,0
DA:89,0
DA:91,0
DA:96,0
DA:98,0
DA:105,0
DA:114,0
DA:120,0
DA:129,0
DA:136,0
DA:138,0
DA:147,0
LF:35
LH:0
BRDA:30,0,0,0
BRDA:30,0,1,0
BRDA:34,1,0,0
BRDA:34,1,1,0
BRDA:35,2,0,0
BRDA:35,2,1,0
BRDA:49,3,0,0
BRDA:49,4,0,0
BRDA:49,4,1,0
BRDA:74,5,0,0
BRDA:76,6,0,0
BRDA:76,6,1,0
BRDA:77,7,0,0
BRDA:77,7,1,0
BRDA:89,8,0,0
BRDA:89,8,1,0
BRDA:96,9,0,0
BRDA:96,9,1,0
BRF:18
BRH:0
end_of_record
TN:
SF:src/integrations/ghl/ghl.module.ts
FN:37,(anonymous_5)
FN:49,(anonymous_6)
FN:60,(anonymous_7)
FN:71,(anonymous_8)
FN:93,(anonymous_9)
FNF:5
FNH:0
FNDA:0,(anonymous_5)
FNDA:0,(anonymous_6)
FNDA:0,(anonymous_7)
FNDA:0,(anonymous_8)
FNDA:0,(anonymous_9)
DA:3,0
DA:4,0
DA:5,0
DA:6,0
DA:7,0
DA:8,0
DA:9,0
DA:15,0
DA:26,0
DA:27,0
DA:28,0
DA:30,0
DA:38,0
DA:42,0
DA:49,0
DA:61,0
DA:63,0
DA:64,0
DA:72,0
DA:94,0
DA:95,0
DA:96,0
DA:112,0
LF:23
LH:0
BRDA:38,0,0,0
BRDA:38,0,1,0
BRDA:63,1,0,0
BRDA:63,1,1,0
BRDA:73,2,0,0
BRDA:73,2,1,0
BRDA:95,3,0,0
BRDA:95,3,1,0
BRF:8
BRH:0
end_of_record
TN:
SF:src/maintenance/cleanup.repository.ts
FN:18,(anonymous_5)
FN:29,(anonymous_6)
FN:100,(anonymous_7)
FN:121,(anonymous_8)
FN:198,(anonymous_9)
FN:247,(anonymous_10)
FN:294,(anonymous_11)
FN:352,(anonymous_12)
FN:369,(anonymous_13)
FN:391,(anonymous_14)
FN:459,(anonymous_15)
FNF:11
FNH:0
FNDA:0,(anonymous_5)
FNDA:0,(anonymous_6)
FNDA:0,(anonymous_7)
FNDA:0,(anonymous_8)
FNDA:0,(anonymous_9)
FNDA:0,(anonymous_10)
FNDA:0,(anonymous_11)
FNDA:0,(anonymous_12)
FNDA:0,(anonymous_13)
FNDA:0,(anonymous_14)
FNDA:0,(anonymous_15)
DA:7,0
DA:10,0
DA:12,0
DA:14,0
DA:15,0
DA:16,0
DA:20,0
DA:21,0
DA:22,0
DA:30,0
DA:31,0
DA:33,0
DA:35,0
DA:36,0
DA:44,0
DA:47,0
DA:48,0
DA:60,0
DA:62,0
DA:65,0
DA:69,0
DA:75,0
DA:81,0
DA:82,0
DA:87,0
DA:101,0
DA:102,0
DA:104,0
DA:106,0
DA:113,0
DA:114,0
DA:121,0
DA:124,0
DA:129,0
DA:135,0
DA:138,0
DA:139,0
DA:142,0
DA:148,0
DA:151,0
DA:157,0
DA:159,0
DA:162,0
DA:166,0
DA:173,0
DA:179,0
DA:180,0
DA:185,0
DA:199,0
DA:201,0
DA:202,0
DA:204,0
DA:210,0
DA:213,0
DA:217,0
DA:222,0
DA:228,0
DA:229,0
DA:234,0
DA:248,0
DA:249,0
DA:251,0
DA:253,0
DA:254,0
DA:257,0
DA:258,0
DA:260,0
DA:263,0
DA:267,0
DA:273,0
DA:279,0
DA:280,0
DA:285,0
DA:295,0
DA:298,0
DA:312,0
DA:314,0
DA:315,0
DA:317,0
DA:319,0
DA:321,0
DA:325,0
DA:332,0
DA:340,0
DA:349,0
DA:353,0
DA:355,0
DA:366,0
DA:370,0
DA:371,0
DA:372,0
DA:378,0
DA:392,0
DA:393,0
DA:395,0
DA:397,0
DA:398,0
DA:403,0
DA:406,0
DA:407,0
DA:412,0
DA:414,0
DA:417,0
DA:421,0
DA:425,0
DA:431,0
DA:437,0
DA:438,0
DA:443,0
DA:460,0
DA:466,0
DA:468,0
DA:472,0
DA:474,0
DA:475,0
DA:476,0
DA:480,0
DA:482,0
DA:485,0
DA:486,0
DA:490,0
LF:121
LH:0
BRDA:113,0,0,0
BRDA:319,1,0,0
BRDA:319,1,1,0
BRDA:474,2,0,0
BRF:4
BRH:0
end_of_record
TN:
SF:src/maintenance/cleanup.runner.ts
FN:41,(anonymous_5)
FN:66,(anonymous_7)
FN:22,(anonymous_9)
FN:86,(anonymous_12)
FN:94,(anonymous_13)
FN:116,(anonymous_14)
FN:130,(anonymous_15)
FN:131,(anonymous_16)
FN:131,(anonymous_17)
FN:140,(anonymous_18)
FN:180,(anonymous_19)
FN:183,(anonymous_20)
FN:187,(anonymous_21)
FN:226,(anonymous_22)
FN:235,(anonymous_23)
FN:240,(anonymous_24)
FN:245,(anonymous_25)
FN:250,(anonymous_26)
FN:255,(anonymous_27)
FN:264,(anonymous_28)
FN:265,(anonymous_29)
FN:286,(anonymous_30)
FN:296,(anonymous_31)
FN:323,(anonymous_32)
FN:330,(anonymous_33)
FNF:25
FNH:0
FNDA:0,(anonymous_5)
FNDA:0,(anonymous_7)
FNDA:0,(anonymous_9)
FNDA:0,(anonymous_12)
FNDA:0,(anonymous_13)
FNDA:0,(anonymous_14)
FNDA:0,(anonymous_15)
FNDA:0,(anonymous_16)
FNDA:0,(anonymous_17)
FNDA:0,(anonymous_18)
FNDA:0,(anonymous_19)
FNDA:0,(anonymous_20)
FNDA:0,(anonymous_21)
FNDA:0,(anonymous_22)
FNDA:0,(anonymous_23)
FNDA:0,(anonymous_24)
FNDA:0,(anonymous_25)
FNDA:0,(anonymous_26)
FNDA:0,(anonymous_27)
FNDA:0,(anonymous_28)
FNDA:0,(anonymous_29)
FNDA:0,(anonymous_30)
FNDA:0,(anonymous_31)
FNDA:0,(anonymous_32)
FNDA:0,(anonymous_33)
DA:7,0
DA:8,0
DA:11,0
DA:12,0
DA:15,0
DA:17,0
DA:18,0
DA:19,0
DA:20,0
DA:23,0
DA:24,0
DA:25,0
DA:26,0
DA:37,0
DA:41,0
DA:43,0
DA:44,0
DA:45,0
DA:49,0
DA:50,0
DA:51,0
DA:52,0
DA:55,0
DA:62,0
DA:66,0
DA:68,0
DA:69,0
DA:70,0
DA:74,0
DA:75,0
DA:76,0
DA:77,0
DA:80,0
DA:87,0
DA:95,0
DA:96,0
DA:99,0
DA:101,0
DA:103,0
DA:104,0
DA:107,0
DA:110,0
DA:112,0
DA:114,0
DA:116,0
DA:117,0
DA:120,0
DA:121,0
DA:123,0
DA:130,0
DA:131,0
DA:135,0
DA:138,0
DA:139,0
DA:140,0
DA:141,0
DA:142,0
DA:143,0
DA:144,0
DA:152,0
DA:153,0
DA:156,0
DA:157,0
DA:159,0
DA:165,0
DA:176,0
DA:181,0
DA:182,0
DA:183,0
DA:187,0
DA:189,0
DA:190,0
DA:191,0
DA:193,0
DA:195,0
DA:196,0
DA:201,0
DA:204,0
DA:205,0
DA:206,0
DA:207,0
DA:209,0
DA:214,0
DA:223,0
DA:231,0
DA:235,0
DA:240,0
DA:245,0
DA:250,0
DA:255,0
DA:265,0
DA:266,0
DA:268,0
DA:269,0
DA:280,0
DA:286,0
DA:297,0
DA:299,0
DA:324,0
DA:331,0
LF:100
LH:0
BRDA:43,0,0,0
BRDA:50,1,0,0
BRDA:68,2,0,0
BRDA:75,3,0,0
BRDA:99,4,0,0
BRDA:129,5,0,0
BRDA:129,5,1,0
BRDA:130,6,0,0
BRDA:130,6,1,0
BRDA:131,7,0,0
BRDA:131,7,1,0
BRDA:139,8,0,0
BRDA:141,9,0,0
BRDA:182,10,0,0
BRDA:182,10,1,0
BRDA:195,11,0,0
BRDA:268,12,0,0
BRDA:268,12,1,0
BRF:18
BRH:0
end_of_record
TN:
SF:src/maintenance/cleanup.types.ts
FN:56,(anonymous_0)
FN:65,(anonymous_1)
FNF:2
FNH:0
FNDA:0,(anonymous_0)
FNDA:0,(anonymous_1)
DA:53,0
DA:56,0
DA:57,0
DA:58,0
DA:59,0
DA:60,0
DA:61,0
DA:65,0
DA:66,0
DA:67,0
DA:68,0
DA:69,0
DA:70,0
LF:13
LH:0
BRDA:56,0,0,0
BRDA:56,0,1,0
BRDA:65,1,0,0
BRDA:65,1,1,0
BRF:4
BRH:0
end_of_record
TN:
SF:src/maintenance/maintenance.module.ts
FN:23,(anonymous_5)
FN:33,(anonymous_6)
FN:39,(anonymous_7)
FN:49,(anonymous_8)
FN:58,(anonymous_9)
FNF:5
FNH:0
FNDA:0,(anonymous_5)
FNDA:0,(anonymous_6)
FNDA:0,(anonymous_7)
FNDA:0,(anonymous_8)
FNDA:0,(anonymous_9)
DA:7,0
DA:8,0
DA:9,0
DA:10,0
DA:11,0
DA:13,0
DA:24,0
DA:25,0
DA:26,0
DA:33,0
DA:42,0
DA:50,0
DA:59,0
DA:69,0
LF:14
LH:0
BRF:0
BRH:0
end_of_record
TN:
SF:src/maintenance/retention.config.ts
FN:118,loadRetentionConfig
FN:144,validateRetentionConfig
FN:219,setNestedValue
FN:236,getRetentionCutoff
FN:245,isOlderThanRetention
FNF:5
FNH:0
FNDA:0,loadRetentionConfig
FNDA:0,validateRetentionConfig
FNDA:0,setNestedValue
FNDA:0,getRetentionCutoff
FNDA:0,isOlderThanRetention
DA:46,0
DA:74,0
DA:101,0
DA:118,0
DA:119,0
DA:122,0
DA:123,0
DA:124,0
DA:125,0
DA:126,0
DA:127,0
DA:131,0
DA:136,0
DA:138,0
DA:145,0
DA:148,0
DA:160,0
DA:161,0
DA:162,0
DA:169,0
DA:171,0
DA:177,0
DA:179,0
DA:185,0
DA:187,0
DA:193,0
DA:194,0
DA:199,0
DA:200,0
DA:205,0
DA:206,0
DA:211,0
DA:212,0
DA:220,0
DA:221,0
DA:223,0
DA:224,0
DA:225,0
DA:227,0
DA:230,0
DA:236,0
DA:237,0
DA:238,0
DA:239,0
DA:245,0
DA:246,0
DA:247,0
LF:47
LH:0
BRDA:124,0,0,0
BRDA:126,1,0,0
BRDA:161,2,0,0
BRDA:161,3,0,0
BRDA:161,3,1,0
BRDA:169,4,0,0
BRDA:169,5,0,0
BRDA:169,5,1,0
BRDA:177,6,0,0
BRDA:177,7,0,0
BRDA:177,7,1,0
BRDA:185,8,0,0
BRDA:185,9,0,0
BRDA:185,9,1,0
BRDA:193,10,0,0
BRDA:199,11,0,0
BRDA:205,12,0,0
BRDA:211,13,0,0
BRDA:224,14,0,0
BRF:19
BRH:0
end_of_record
TN:
SF:src/observability/health.controller.ts
FN:21,(anonymous_5)
FN:33,(anonymous_7)
FN:56,(anonymous_9)
FN:14,(anonymous_11)
FNF:4
FNH:0
FNDA:0,(anonymous_5)
FNDA:0,(anonymous_7)
FNDA:0,(anonymous_9)
FNDA:0,(anonymous_11)
DA:7,0
DA:10,0
DA:11,0
DA:12,0
DA:14,0
DA:20,0
DA:21,0
DA:22,0
DA:32,0
DA:33,0
DA:34,0
DA:35,0
DA:37,0
DA:40,0
DA:55,0
DA:56,0
DA:57,0
LF:17
LH:0
BRF:0
BRH:0
end_of_record
TN:
SF:src/observability/metrics.collector.ts
FN:32,(anonymous_5)
FN:22,(anonymous_7)
FN:50,(anonymous_9)
FN:57,(anonymous_10)
FN:63,(anonymous_11)
FN:68,(anonymous_12)
FNF:6
FNH:0
FNDA:0,(anonymous_5)
FNDA:0,(anonymous_7)
FNDA:0,(anonymous_9)
FNDA:0,(anonymous_10)
FNDA:0,(anonymous_11)
FNDA:0,(anonymous_12)
DA:8,0
DA:9,0
DA:11,0
DA:18,0
DA:19,0
DA:20,0
DA:23,0
DA:24,0
DA:25,0
DA:26,0
DA:27,0
DA:28,0
DA:31,0
DA:32,0
DA:34,0
DA:36,0
DA:39,0
DA:40,0
DA:41,0
DA:42,0
DA:43,0
DA:45,0
DA:51,0
DA:52,0
DA:53,0
DA:54,0
DA:58,0
DA:59,0
DA:60,0
DA:64,0
DA:65,0
DA:69,0
DA:70,0
LF:33
LH:0
BRDA:34,0,0,0
BRF:1
BRH:0
end_of_record
TN:
SF:src/observability/metrics.controller.ts
FN:23,(anonymous_5)
FNF:1
FNH:0
FNDA:0,(anonymous_5)
DA:7,0
DA:8,0
DA:9,0
DA:11,0
DA:12,0
DA:19,0
DA:23,0
DA:24,0
DA:25,0
DA:27,0
DA:32,0
DA:34,0
DA:37,0
LF:13
LH:0
BRF:0
BRH:0
end_of_record
TN:
SF:src/observability/metrics.ts
FN:212,(anonymous_0)
FN:265,(anonymous_1)
FN:272,(anonymous_2)
FN:281,(anonymous_3)
FN:284,(anonymous_4)
FN:287,(anonymous_5)
FN:297,(anonymous_6)
FN:300,(anonymous_7)
FN:335,getMetricsText
FN:342,validateCleanupTableName
FN:353,resetAllMetrics
FNF:11
FNH:0
FNDA:0,(anonymous_0)
FNDA:0,(anonymous_1)
FNDA:0,(anonymous_2)
FNDA:0,(anonymous_3)
FNDA:0,(anonymous_4)
FNDA:0,(anonymous_5)
FNDA:0,(anonymous_6)
FNDA:0,(anonymous_7)
FNDA:0,getMetricsText
FNDA:0,validateCleanupTableName
FNDA:0,resetAllMetrics
DA:8,0
DA:15,0
DA:18,0
DA:24,0
DA:64,0
DA:99,0
DA:122,0
DA:140,0
DA:162,0
DA:184,0
DA:212,0
DA:213,0
DA:214,0
DA:215,0
DA:216,0
DA:217,0
DA:218,0
DA:219,0
DA:222,0
DA:264,0
DA:266,0
DA:273,0
DA:275,0
DA:280,0
DA:281,0
DA:283,0
DA:284,0
DA:286,0
DA:287,0
DA:291,0
DA:296,0
DA:297,0
DA:299,0
DA:300,0
DA:304,0
DA:310,0
DA:313,0
DA:319,0
DA:323,0
DA:335,0
DA:336,0
DA:342,0
DA:343,0
DA:344,0
DA:345,0
DA:347,0
DA:353,0
DA:355,0
DA:357,0
LF:49
LH:0
BRDA:212,0,0,0
BRDA:212,0,1,0
BRDA:281,1,0,0
BRDA:281,1,1,0
BRDA:284,2,0,0
BRDA:284,2,1,0
BRDA:287,3,0,0
BRDA:287,3,1,0
BRDA:297,4,0,0
BRDA:297,4,1,0
BRDA:300,5,0,0
BRDA:300,5,1,0
BRDA:344,6,0,0
BRF:13
BRH:0
end_of_record
TN:
SF:src/observability/observability.module.ts
FNF:0
FNH:0
DA:7,0
DA:8,0
DA:9,0
DA:10,0
DA:11,0
DA:12,0
DA:13,0
DA:14,0
DA:15,0
DA:16,0
DA:19,0
DA:47,0
LF:12
LH:0
BRF:0
BRH:0
end_of_record
TN:
SF:src/observability/readiness.service.ts
FN:31,(anonymous_5)
FN:39,(anonymous_6)
FN:90,(anonymous_7)
FN:104,(anonymous_8)
FN:119,(anonymous_9)
FN:158,(anonymous_10)
FN:198,(anonymous_11)
FNF:7
FNH:0
FNDA:0,(anonymous_5)
FNDA:0,(anonymous_6)
FNDA:0,(anonymous_7)
FNDA:0,(anonymous_8)
FNDA:0,(anonymous_9)
FNDA:0,(anonymous_10)
FNDA:0,(anonymous_11)
DA:7,0
DA:27,0
DA:28,0
DA:29,0
DA:32,0
DA:33,0
DA:40,0
DA:41,0
DA:48,0
DA:49,0
DA:50,0
DA:51,0
DA:53,0
DA:58,0
DA:62,0
DA:63,0
DA:64,0
DA:65,0
DA:67,0
DA:72,0
DA:76,0
DA:77,0
DA:78,0
DA:79,0
DA:81,0
DA:86,0
DA:90,0
DA:91,0
DA:93,0
DA:105,0
DA:107,0
DA:108,0
DA:110,0
DA:112,0
DA:120,0
DA:122,0
DA:125,0
DA:132,0
DA:133,0
DA:139,0
DA:140,0
DA:145,0
DA:148,0
DA:151,0
DA:159,0
DA:161,0
DA:163,0
DA:164,0
DA:165,0
DA:170,0
DA:171,0
DA:173,0
DA:174,0
DA:177,0
DA:178,0
DA:182,0
DA:183,0
DA:184,0
DA:186,0
DA:188,0
DA:191,0
DA:199,0
DA:200,0
DA:202,0
LF:64
LH:0
BRDA:91,0,0,0
BRDA:91,0,1,0
BRDA:96,1,0,0
BRDA:96,1,1,0
BRDA:107,2,0,0
BRDA:107,2,1,0
BRDA:161,3,0,0
BRDA:161,3,1,0
BRDA:164,4,0,0
BRDA:171,5,0,0
BRDA:171,5,1,0
BRDA:177,6,0,0
BRF:12
BRH:0
end_of_record
TN:
SF:src/org-authority/capability.guard.ts
FN:16,(anonymous_5)
FN:21,(anonymous_6)
FN:63,(anonymous_7)
FNF:3
FNH:0
FNDA:0,(anonymous_5)
FNDA:0,(anonymous_6)
FNDA:0,(anonymous_7)
DA:7,0
DA:10,0
DA:12,0
DA:13,0
DA:14,0
DA:17,0
DA:18,0
DA:22,0
DA:27,0
DA:28,0
DA:31,0
DA:32,0
DA:34,0
DA:35,0
DA:36,0
DA:39,0
DA:41,0
DA:42,0
DA:45,0
DA:46,0
DA:48,0
DA:55,0
DA:68,0
DA:69,0
DA:73,0
DA:74,0
DA:78,0
DA:79,0
DA:83,0
DA:84,0
DA:87,0
LF:31
LH:0
BRDA:27,0,0,0
BRDA:27,1,0,0
BRDA:27,1,1,0
BRDA:34,2,0,0
BRDA:68,3,0,0
BRDA:73,4,0,0
BRDA:78,5,0,0
BRDA:83,6,0,0
BRDA:83,7,0,0
BRDA:83,7,1,0
BRF:10
BRH:0
end_of_record
TN:
SF:src/org-authority/org-authority.controller.ts
FN:27,(anonymous_5)
FN:52,(anonymous_7)
FN:77,(anonymous_9)
FN:102,(anonymous_11)
FN:127,(anonymous_13)
FN:153,(anonymous_15)
FN:180,(anonymous_17)
FN:204,(anonymous_19)
FN:243,(anonymous_21)
FN:271,(anonymous_23)
FN:303,(anonymous_25)
FN:314,(anonymous_27)
FN:19,(anonymous_29)
FNF:13
FNH:0
FNDA:0,(anonymous_5)
FNDA:0,(anonymous_7)
FNDA:0,(anonymous_9)
FNDA:0,(anonymous_11)
FNDA:0,(anonymous_13)
FNDA:0,(anonymous_15)
FNDA:0,(anonymous_17)
FNDA:0,(anonymous_19)
FNDA:0,(anonymous_21)
FNDA:0,(anonymous_23)
FNDA:0,(anonymous_25)
FNDA:0,(anonymous_27)
FNDA:0,(anonymous_29)
DA:7,0
DA:11,0
DA:12,0
DA:14,0
DA:16,0
DA:17,0
DA:19,0
DA:25,0
DA:27,0
DA:28,0
DA:30,0
DA:31,0
DA:33,0
DA:38,0
DA:39,0
DA:50,0
DA:52,0
DA:53,0
DA:55,0
DA:56,0
DA:58,0
DA:63,0
DA:64,0
DA:75,0
DA:77,0
DA:78,0
DA:80,0
DA:81,0
DA:83,0
DA:88,0
DA:89,0
DA:100,0
DA:102,0
DA:103,0
DA:105,0
DA:106,0
DA:108,0
DA:113,0
DA:114,0
DA:125,0
DA:127,0
DA:133,0
DA:135,0
DA:136,0
DA:138,0
DA:143,0
DA:144,0
DA:151,0
DA:153,0
DA:158,0
DA:159,0
DA:165,0
DA:170,0
DA:171,0
DA:178,0
DA:180,0
DA:181,0
DA:183,0
DA:184,0
DA:186,0
DA:190,0
DA:191,0
DA:202,0
DA:204,0
DA:214,0
DA:216,0
DA:217,0
DA:218,0
DA:228,0
DA:233,0
DA:234,0
DA:241,0
DA:243,0
DA:247,0
DA:248,0
DA:249,0
DA:255,0
DA:261,0
DA:262,0
DA:269,0
DA:271,0
DA:275,0
DA:277,0
DA:278,0
DA:279,0
DA:285,0
DA:289,0
DA:290,0
DA:301,0
DA:303,0
DA:304,0
DA:306,0
DA:312,0
DA:314,0
DA:315,0
DA:317,0
LF:96
LH:0
BRF:0
BRH:0
end_of_record
TN:
SF:src/org-authority/org-authority.module.ts
FNF:0
FNH:0
DA:5,0
DA:6,0
DA:7,0
DA:9,0
DA:14,0
LF:5
LH:0
BRF:0
BRH:0
end_of_record
TN:
SF:src/org-authority/org-authority.service.ts
FN:35,(anonymous_5)
FN:44,(anonymous_6)
FN:52,(anonymous_7)
FN:60,(anonymous_8)
FN:68,(anonymous_9)
FN:96,(anonymous_10)
FN:104,(anonymous_11)
FN:112,(anonymous_12)
FN:117,(anonymous_13)
FN:122,(anonymous_14)
FN:127,(anonymous_15)
FN:132,(anonymous_16)
FN:137,(anonymous_17)
FN:146,(anonymous_18)
FN:154,(anonymous_19)
FN:158,(anonymous_20)
FN:169,(anonymous_21)
FN:223,(anonymous_22)
FN:245,(anonymous_23)
FNF:19
FNH:0
FNDA:0,(anonymous_5)
FNDA:0,(anonymous_6)
FNDA:0,(anonymous_7)
FNDA:0,(anonymous_8)
FNDA:0,(anonymous_9)
FNDA:0,(anonymous_10)
FNDA:0,(anonymous_11)
FNDA:0,(anonymous_12)
FNDA:0,(anonymous_13)
FNDA:0,(anonymous_14)
FNDA:0,(anonymous_15)
FNDA:0,(anonymous_16)
FNDA:0,(anonymous_17)
FNDA:0,(anonymous_18)
FNDA:0,(anonymous_19)
FNDA:0,(anonymous_20)
FNDA:0,(anonymous_21)
FNDA:0,(anonymous_22)
FNDA:0,(anonymous_23)
DA:7,0
DA:8,0
DA:9,0
DA:27,0
DA:28,0
DA:29,0
DA:30,0
DA:31,0
DA:32,0
DA:33,0
DA:36,0
DA:37,0
DA:38,0
DA:45,0
DA:46,0
DA:53,0
DA:54,0
DA:61,0
DA:62,0
DA:69,0
DA:73,0
DA:74,0
DA:76,0
DA:77,0
DA:81,0
DA:82,0
DA:83,0
DA:87,0
DA:90,0
DA:97,0
DA:98,0
DA:105,0
DA:113,0
DA:114,0
DA:118,0
DA:119,0
DA:123,0
DA:124,0
DA:128,0
DA:129,0
DA:133,0
DA:134,0
DA:142,0
DA:143,0
DA:147,0
DA:155,0
DA:159,0
DA:178,0
DA:179,0
DA:195,0
DA:211,0
DA:213,0
DA:214,0
DA:216,0
DA:228,0
DA:229,0
DA:230,0
DA:232,0
DA:250,0
DA:255,0
DA:256,0
DA:259,0
DA:263,0
LF:63
LH:0
BRDA:73,0,0,0
BRDA:73,0,1,0
BRDA:82,1,0,0
BRDA:90,2,0,0
BRDA:90,2,1,0
BRDA:213,3,0,0
BRDA:229,4,0,0
BRDA:230,5,0,0
BRDA:255,6,0,0
BRDA:255,7,0,0
BRDA:255,7,1,0
BRF:11
BRH:0
end_of_record
TN:
SF:src/org-authority/require-capability.decorator.ts
FN:15,(anonymous_0)
FNF:1
FNH:0
FNDA:0,(anonymous_0)
DA:7,0
DA:10,0
DA:15,0
DA:16,0
LF:4
LH:0
BRF:0
BRH:0
end_of_record
TN:
SF:src/org-authority/team-resolver.service.ts
FN:34,(anonymous_5)
FN:42,(anonymous_6)
FN:114,(anonymous_7)
FN:135,(anonymous_8)
FN:224,(anonymous_9)
FN:249,(anonymous_10)
FN:297,(anonymous_11)
FN:328,(anonymous_12)
FN:354,(anonymous_13)
FNF:9
FNH:0
FNDA:0,(anonymous_5)
FNDA:0,(anonymous_6)
FNDA:0,(anonymous_7)
FNDA:0,(anonymous_8)
FNDA:0,(anonymous_9)
FNDA:0,(anonymous_10)
FNDA:0,(anonymous_11)
FNDA:0,(anonymous_12)
FNDA:0,(anonymous_13)
DA:8,0
DA:30,0
DA:31,0
DA:32,0
DA:35,0
DA:36,0
DA:43,0
DA:46,0
DA:47,0
DA:57,0
DA:58,0
DA:59,0
DA:69,0
DA:73,0
DA:82,0
DA:83,0
DA:84,0
DA:85,0
DA:95,0
DA:96,0
DA:97,0
DA:98,0
DA:107,0
DA:108,0
DA:117,0
DA:125,0
DA:126,0
DA:129,0
DA:144,0
DA:147,0
DA:151,0
DA:152,0
DA:156,0
DA:157,0
DA:161,0
DA:162,0
DA:166,0
DA:167,0
DA:172,0
DA:197,0
DA:213,0
DA:225,0
DA:226,0
DA:227,0
DA:230,0
DA:243,0
DA:250,0
DA:260,0
DA:261,0
DA:264,0
DA:274,0
DA:288,0
DA:298,0
DA:300,0
DA:305,0
DA:307,0
DA:308,0
DA:312,0
DA:313,0
DA:317,0
DA:318,0
DA:322,0
DA:333,0
DA:359,0
LF:64
LH:0
BRDA:46,0,0,0
BRDA:57,1,0,0
BRDA:60,2,0,0
BRDA:60,2,1,0
BRDA:69,3,0,0
BRDA:82,4,0,0
BRDA:86,5,0,0
BRDA:86,5,1,0
BRDA:96,6,0,0
BRDA:125,7,0,0
BRDA:151,8,0,0
BRDA:156,9,0,0
BRDA:161,10,0,0
BRDA:166,11,0,0
BRDA:226,12,0,0
BRDA:260,13,0,0
BRDA:307,14,0,0
BRDA:312,15,0,0
BRDA:312,16,0,0
BRDA:312,16,1,0
BRDA:317,17,0,0
BRDA:317,18,0,0
BRDA:317,18,1,0
BRDA:317,18,2,0
BRDA:363,19,0,0
BRDA:363,19,1,0
BRF:26
BRH:0
end_of_record
TN:
SF:src/payments/payment.events.ts
FN:111,(anonymous_0)
FN:136,(anonymous_1)
FN:167,(anonymous_2)
FN:196,(anonymous_3)
FNF:4
FNH:0
FNDA:0,(anonymous_0)
FNDA:0,(anonymous_1)
FNDA:0,(anonymous_2)
FNDA:0,(anonymous_3)
DA:107,0
DA:118,0
DA:144,0
DA:145,0
DA:148,0
DA:176,0
DA:205,0
LF:7
LH:0
BRDA:144,0,0,0
BRDA:173,1,0,0
BRF:2
BRH:0
end_of_record
TN:
SF:src/payments/payment.module.ts
FNF:0
FNH:0
DA:8,0
DA:9,0
DA:10,0
DA:11,0
DA:12,0
DA:14,0
DA:27,0
LF:7
LH:0
BRF:0
BRH:0
end_of_record
TN:
SF:src/payments/payment.repository.ts
FN:22,(anonymous_5)
FN:27,(anonymous_6)
FN:52,(anonymous_7)
FN:68,(anonymous_8)
FN:124,(anonymous_9)
FN:132,(anonymous_10)
FN:183,(anonymous_11)
FN:210,(anonymous_12)
FN:237,(anonymous_13)
FN:273,(anonymous_14)
FN:317,(anonymous_15)
FNF:11
FNH:0
FNDA:0,(anonymous_5)
FNDA:0,(anonymous_6)
FNDA:0,(anonymous_7)
FNDA:0,(anonymous_8)
FNDA:0,(anonymous_9)
FNDA:0,(anonymous_10)
FNDA:0,(anonymous_11)
FNDA:0,(anonymous_12)
FNDA:0,(anonymous_13)
FNDA:0,(anonymous_14)
FNDA:0,(anonymous_15)
DA:8,0
DA:18,0
DA:19,0
DA:20,0
DA:22,0
DA:31,0
DA:33,0
DA:46,0
DA:53,0
DA:62,0
DA:75,0
DA:78,0
DA:79,0
DA:88,0
DA:92,0
DA:93,0
DA:99,0
DA:103,0
DA:104,0
DA:114,0
DA:117,0
DA:132,0
DA:134,0
DA:143,0
DA:144,0
DA:147,0
DA:148,0
DA:152,0
DA:172,0
DA:173,0
DA:176,0
DA:188,0
DA:204,0
DA:215,0
DA:231,0
DA:246,0
DA:248,0
DA:254,0
DA:264,0
DA:280,0
DA:291,0
DA:299,0
DA:300,0
DA:301,0
DA:302,0
DA:303,0
DA:304,0
DA:305,0
DA:306,0
DA:307,0
DA:311,0
DA:318,0
LF:52
LH:0
BRDA:42,0,0,0
BRDA:42,0,1,0
BRDA:62,1,0,0
BRDA:62,1,1,0
BRDA:78,2,0,0
BRDA:78,3,0,0
BRDA:78,3,1,0
BRDA:88,4,0,0
BRDA:92,5,0,0
BRDA:99,6,0,0
BRDA:103,7,0,0
BRDA:114,8,0,0
BRDA:143,9,0,0
BRDA:147,10,0,0
BRDA:164,11,0,0
BRDA:164,11,1,0
BRDA:172,12,0,0
BRDA:239,13,0,0
BRDA:246,14,0,0
BRDA:246,15,0,0
BRDA:250,16,0,0
BRDA:250,16,1,0
BRDA:251,17,0,0
BRDA:251,17,1,0
BRDA:301,18,0,0
BRDA:301,18,1,0
BRDA:303,19,0,0
BRDA:303,19,1,0
BRDA:304,20,0,0
BRDA:304,20,1,0
BRDA:306,21,0,0
BRDA:327,22,0,0
BRDA:327,22,1,0
BRDA:328,23,0,0
BRDA:328,23,1,0
BRF:35
BRH:0
end_of_record
TN:
SF:src/payments/payment.service.ts
FN:28,(anonymous_5)
FN:39,(anonymous_6)
FN:84,(anonymous_7)
FN:130,(anonymous_8)
FN:177,(anonymous_9)
FN:251,(anonymous_10)
FN:268,(anonymous_11)
FN:270,(anonymous_12)
FN:277,(anonymous_13)
FN:295,(anonymous_14)
FN:378,(anonymous_15)
FN:410,(anonymous_16)
FN:426,(anonymous_17)
FN:492,(anonymous_18)
FNF:14
FNH:0
FNDA:0,(anonymous_5)
FNDA:0,(anonymous_6)
FNDA:0,(anonymous_7)
FNDA:0,(anonymous_8)
FNDA:0,(anonymous_9)
FNDA:0,(anonymous_10)
FNDA:0,(anonymous_11)
FNDA:0,(anonymous_12)
FNDA:0,(anonymous_13)
FNDA:0,(anonymous_14)
FNDA:0,(anonymous_15)
FNDA:0,(anonymous_16)
[...]
BRDA:243,4,0,0
BRDA:243,4,1,0
BRDA:327,5,0,0
BRDA:335,6,0,0
BRDA:342,7,0,0
BRDA:368,8,0,0
BRDA:368,8,1,0
BRDA:386,9,0,0
BRDA:386,9,1,0
BRDA:478,10,0,0
BRDA:516,11,0,0
BRDA:516,11,1,0
BRDA:519,12,0,0
BRDA:519,12,1,0
BRDA:519,12,2,0
BRDA:519,12,3,0
BRDA:519,12,4,0
BRDA:563,13,0,0
BRDA:563,13,1,0
BRF:26
BRH:0
end_of_record
TN:
SF:src/webhooks/webhook.controller.ts
FN:42,(anonymous_4)
FN:76,(anonymous_6)
FN:118,(anonymous_8)
FN:151,(anonymous_10)
FN:175,(anonymous_12)
FN:228,(anonymous_14)
FN:262,(anonymous_16)
FN:313,(anonymous_18)
FN:65,(anonymous_20)
FNF:9
FNH:0
FNDA:0,(anonymous_4)
FNDA:0,(anonymous_6)
FNDA:0,(anonymous_8)
FNDA:0,(anonymous_10)
FNDA:0,(anonymous_12)
FNDA:0,(anonymous_14)
FNDA:0,(anonymous_16)
FNDA:0,(anonymous_18)
FNDA:0,(anonymous_20)
DA:8,0
DA:26,0
DA:45,0
DA:46,0
DA:48,0
DA:49,0
DA:53,0
DA:54,0
DA:56,0
DA:60,0
DA:62,0
DA:63,0
DA:65,0
DA:74,0
DA:76,0
DA:80,0
DA:81,0
DA:83,0
DA:89,0
DA:91,0
DA:92,0
DA:94,0
DA:96,0
DA:102,0
DA:104,0
DA:110,0
DA:117,0
DA:118,0
DA:123,0
DA:124,0
DA:125,0
DA:127,0
DA:128,0
DA:131,0
DA:137,0
DA:139,0
DA:150,0
DA:151,0
DA:155,0
DA:157,0
DA:162,0
DA:164,0
DA:165,0
DA:168,0
DA:174,0
DA:175,0
DA:180,0
DA:181,0
DA:183,0
DA:189,0
DA:191,0
DA:192,0
DA:195,0
DA:196,0
DA:199,0
DA:201,0
DA:202,0
DA:205,0
DA:211,0
DA:213,0
DA:219,0
DA:226,0
DA:228,0
DA:232,0
DA:233,0
DA:235,0
DA:241,0
DA:243,0
DA:244,0
DA:247,0
DA:261,0
DA:262,0
DA:267,0
DA:268,0
DA:270,0
DA:276,0
DA:277,0
DA:285,0
DA:293,0
DA:295,0
DA:301,0
DA:312,0
DA:313,0
DA:318,0
DA:319,0
DA:321,0
DA:327,0
DA:328,0
DA:336,0
DA:343,0
DA:345,0
DA:351,0
LF:92
LH:0
BRDA:48,0,0,0
BRDA:48,1,0,0
BRDA:48,1,1,0
BRDA:53,2,0,0
BRDA:53,2,1,0
BRDA:124,3,0,0
BRDA:124,3,1,0
BRDA:125,4,0,0
BRDA:125,4,1,0
BRDA:127,5,0,0
BRDA:164,6,0,0
BRDA:191,7,0,0
BRDA:195,8,0,0
BRDA:201,9,0,0
BRDA:243,10,0,0
BRDA:280,11,0,0
BRDA:280,11,1,0
BRDA:331,12,0,0
BRDA:331,12,1,0
BRF:19
BRH:0
end_of_record
TN:
SF:src/webhooks/webhook.dispatcher.ts
FN:34,(anonymous_5)
FN:22,(anonymous_7)
FN:67,(anonymous_9)
FN:84,(anonymous_10)
FN:117,(anonymous_11)
FN:189,(anonymous_12)
FN:207,(anonymous_13)
FN:249,(anonymous_14)
FN:286,(anonymous_15)
FN:306,(anonymous_16)
FN:313,(anonymous_17)
FNF:11
FNH:0
FNDA:0,(anonymous_5)
FNDA:0,(anonymous_7)
FNDA:0,(anonymous_9)
FNDA:0,(anonymous_10)
FNDA:0,(anonymous_11)
FNDA:0,(anonymous_12)
FNDA:0,(anonymous_13)
FNDA:0,(anonymous_14)
FNDA:0,(anonymous_15)
FNDA:0,(anonymous_16)
FNDA:0,(anonymous_17)
DA:8,0
DA:9,0
DA:13,0
DA:17,0
DA:18,0
DA:19,0
DA:20,0
DA:23,0
DA:24,0
DA:25,0
DA:26,0
DA:33,0
DA:34,0
DA:35,0
DA:36,0
DA:37,0
DA:41,0
DA:42,0
DA:43,0
DA:47,0
DA:48,0
DA:49,0
DA:50,0
DA:53,0
DA:55,0
DA:56,0
DA:58,0
DA:60,0
DA:68,0
DA:69,0
DA:72,0
DA:74,0
DA:75,0
DA:77,0
DA:86,0
DA:89,0
DA:91,0
DA:92,0
DA:95,0
DA:97,0
DA:99,0
DA:100,0
DA:101,0
DA:102,0
DA:104,0
DA:107,0
DA:111,0
DA:126,0
DA:129,0
DA:130,0
DA:131,0
DA:135,0
DA:136,0
DA:137,0
DA:141,0
DA:153,0
DA:156,0
DA:164,0
DA:166,0
DA:169,0
DA:170,0
DA:172,0
DA:181,0
DA:182,0
DA:194,0
DA:196,0
DA:198,0
DA:199,0
DA:200,0
DA:203,0
DA:206,0
DA:207,0
DA:209,0
DA:216,0
DA:218,0
DA:219,0
DA:221,0
DA:228,0
DA:230,0
DA:231,0
DA:238,0
DA:250,0
DA:253,0
DA:254,0
DA:256,0
DA:258,0
DA:261,0
DA:263,0
DA:270,0
DA:273,0
DA:275,0
DA:289,0
DA:290,0
DA:292,0
DA:293,0
DA:297,0
DA:299,0
DA:307,0
DA:319,0
DA:321,0
LF:100
LH:0
BRDA:35,0,0,0
BRDA:41,1,0,0
BRDA:48,2,0,0
BRDA:68,3,0,0
BRDA:91,4,0,0
BRDA:130,5,0,0
BRDA:136,6,0,0
BRDA:147,7,0,0
BRDA:147,7,1,0
BRDA:164,8,0,0
BRDA:164,8,1,0
BRDA:164,9,0,0
BRDA:164,9,1,0
BRDA:164,9,2,0
BRDA:164,9,3,0
BRDA:181,10,0,0
BRDA:181,10,1,0
BRDA:181,11,0,0
BRDA:181,11,1,0
BRDA:199,12,0,0
BRDA:224,13,0,0
BRDA:224,13,1,0
BRDA:230,14,0,0
BRDA:254,15,0,0
BRDA:254,15,1,0
BRDA:256,16,0,0
BRDA:256,16,1,0
BRF:27
BRH:0
end_of_record
TN:
SF:src/webhooks/webhook.dto.ts
FN:60,(anonymous_5)
FN:66,(anonymous_6)
FN:72,(anonymous_7)
FN:46,(anonymous_8)
FN:46,(anonymous_10)
FN:50,(anonymous_11)
FN:50,(anonymous_13)
FN:55,(anonymous_14)
FN:55,(anonymous_16)
FN:61,(anonymous_17)
FN:61,(anonymous_19)
FN:67,(anonymous_20)
FN:67,(anonymous_22)
FN:73,(anonymous_23)
FN:73,(anonymous_25)
FN:90,(anonymous_28)
FN:102,(anonymous_29)
FN:108,(anonymous_30)
FN:114,(anonymous_31)
FN:81,(anonymous_32)
FN:81,(anonymous_34)
FN:86,(anonymous_35)
FN:86,(anonymous_37)
FN:91,(anonymous_38)
FN:91,(anonymous_40)
FN:97,(anonymous_41)
FN:97,(anonymous_43)
FN:103,(anonymous_44)
FN:103,(anonymous_46)
FN:109,(anonymous_47)
FN:109,(anonymous_49)
FN:115,(anonymous_50)
FN:115,(anonymous_52)
FN:123,(anonymous_55)
FN:123,(anonymous_57)
FN:131,(anonymous_60)
FN:131,(anonymous_62)
FN:218,(anonymous_64)
FN:219,(anonymous_65)
FN:231,(anonymous_66)
FN:245,(anonymous_67)
FNF:41
FNH:0
FNDA:0,(anonymous_5)
FNDA:0,(anonymous_6)
FNDA:0,(anonymous_7)
FNDA:0,(anonymous_8)
FNDA:0,(anonymous_10)
FNDA:0,(anonymous_11)
FNDA:0,(anonymous_13)
FNDA:0,(anonymous_14)
FNDA:0,(anonymous_16)
FNDA:0,(anonymous_17)
FNDA:0,(anonymous_19)
FNDA:0,(anonymous_20)
FNDA:0,(anonymous_22)
FNDA:0,(anonymous_23)
FNDA:0,(anonymous_25)
FNDA:0,(anonymous_28)
FNDA:0,(anonymous_29)
FNDA:0,(anonymous_30)
FNDA:0,(anonymous_31)
FNDA:0,(anonymous_32)
FNDA:0,(anonymous_34)
FNDA:0,(anonymous_35)
FNDA:0,(anonymous_37)
FNDA:0,(anonymous_38)
FNDA:0,(anonymous_40)
FNDA:0,(anonymous_41)
FNDA:0,(anonymous_43)
FNDA:0,(anonymous_44)
FNDA:0,(anonymous_46)
FNDA:0,(anonymous_47)
FNDA:0,(anonymous_49)
FNDA:0,(anonymous_50)
FNDA:0,(anonymous_52)
FNDA:0,(anonymous_55)
FNDA:0,(anonymous_57)
FNDA:0,(anonymous_60)
FNDA:0,(anonymous_62)
FNDA:0,(anonymous_64)
FNDA:0,(anonymous_65)
FNDA:0,(anonymous_66)
FNDA:0,(anonymous_67)
DA:8,0
DA:22,0
DA:25,0
DA:42,0
DA:43,0
DA:46,0
DA:48,0
DA:50,0
DA:52,0
DA:55,0
DA:57,0
DA:60,0
DA:61,0
DA:63,0
DA:66,0
DA:67,0
DA:69,0
DA:72,0
DA:73,0
DA:76,0
DA:77,0
DA:81,0
DA:83,0
DA:86,0
DA:88,0
DA:90,0
DA:91,0
DA:93,0
DA:97,0
DA:99,0
DA:102,0
DA:103,0
DA:105,0
DA:108,0
DA:109,0
DA:111,0
DA:114,0
DA:115,0
DA:118,0
DA:119,0
DA:123,0
DA:126,0
DA:127,0
DA:131,0
DA:138,0
DA:156,0
DA:170,0
DA:179,0
DA:191,0
DA:202,0
DA:214,0
DA:219,0
DA:221,0
DA:222,0
DA:225,0
DA:232,0
DA:233,0
DA:234,0
DA:235,0
DA:238,0
DA:246,0
LF:61
LH:0
BRDA:221,0,0,0
BRDA:234,1,0,0
BRF:2
BRH:0
end_of_record
TN:
SF:src/webhooks/webhook.module.ts
FNF:0
FNH:0
DA:7,0
DA:8,0
DA:9,0
DA:10,0
DA:11,0
DA:12,0
DA:13,0
DA:14,0
DA:16,0
DA:35,0
LF:10
LH:0
BRF:0
BRH:0
end_of_record
TN:
SF:src/webhooks/webhook.repository.ts
FN:23,(anonymous_5)
FN:32,(anonymous_6)
FN:73,(anonymous_7)
FN:106,(anonymous_8)
FN:120,(anonymous_9)
FN:135,(anonymous_10)
FN:152,(anonymous_11)
FN:170,(anonymous_12)
FN:214,(anonymous_13)
FN:279,(anonymous_14)
FN:312,(anonymous_15)
FN:331,(anonymous_16)
FN:352,(anonymous_17)
FN:379,(anonymous_18)
FN:419,(anonymous_19)
FN:475,(anonymous_20)
FN:496,(anonymous_21)
FN:529,(anonymous_22)
FNF:18
FNH:0
FNDA:0,(anonymous_5)
FNDA:0,(anonymous_6)
FNDA:0,(anonymous_7)
FNDA:0,(anonymous_8)
FNDA:0,(anonymous_9)
FNDA:0,(anonymous_10)
FNDA:0,(anonymous_11)
FNDA:0,(anonymous_12)
FNDA:0,(anonymous_13)
FNDA:0,(anonymous_14)
FNDA:0,(anonymous_15)
FNDA:0,(anonymous_16)
FNDA:0,(anonymous_17)
FNDA:0,(anonymous_18)
FNDA:0,(anonymous_19)
FNDA:0,(anonymous_20)
FNDA:0,(anonymous_21)
FNDA:0,(anonymous_22)
DA:8,0
DA:19,0
DA:20,0
DA:21,0
DA:23,0
DA:33,0
DA:34,0
DA:51,0
DA:57,0
DA:59,0
DA:60,0
DA:64,0
DA:66,0
DA:79,0
DA:81,0
DA:97,0
DA:107,0
DA:114,0
DA:121,0
DA:129,0
DA:136,0
DA:146,0
DA:153,0
DA:160,0
DA:177,0
DA:178,0
DA:188,0
DA:195,0
DA:198,0
DA:199,0
DA:204,0
DA:206,0
DA:216,0
DA:218,0
DA:233,0
DA:234,0
DA:237,0
DA:240,0
DA:242,0
DA:243,0
DA:244,0
DA:246,0
DA:250,0
DA:251,0
DA:253,0
DA:254,0
DA:255,0
DA:256,0
DA:264,0
DA:265,0
DA:272,0
DA:273,0
DA:281,0
DA:302,0
DA:303,0
DA:306,0
DA:313,0
DA:325,0
DA:332,0
DA:346,0
DA:353,0
DA:366,0
DA:391,0
DA:404,0
DA:427,0
DA:429,0
DA:437,0
DA:446,0
DA:447,0
DA:448,0
DA:450,0
DA:452,0
DA:453,0
DA:455,0
DA:456,0
DA:458,0
DA:459,0
DA:461,0
DA:462,0
DA:464,0
DA:465,0
DA:469,0
DA:476,0
DA:478,0
DA:497,0
DA:498,0
DA:500,0
DA:509,0
DA:517,0
DA:519,0
DA:530,0
LF:91
LH:0
BRDA:40,0,0,0
BRDA:40,0,1,0
BRDA:41,1,0,0
BRDA:41,1,1,0
BRDA:42,2,0,0
BRDA:42,2,1,0
BRDA:45,3,0,0
BRDA:45,3,1,0
BRDA:46,4,0,0
BRDA:46,4,1,0
BRDA:47,5,0,0
BRDA:47,5,1,0
BRDA:59,6,0,0
BRDA:89,7,0,0
BRDA:89,7,1,0
BRDA:90,8,0,0
BRDA:90,8,1,0
BRDA:91,9,0,0
BRDA:91,9,1,0
BRDA:92,10,0,0
BRDA:92,10,1,0
BRDA:114,11,0,0
BRDA:114,11,1,0
BRDA:198,12,0,0
BRDA:233,13,0,0
BRDA:243,14,0,0
BRDA:255,15,0,0
BRDA:261,16,0,0
BRDA:261,16,1,0
BRDA:264,17,0,0
BRDA:279,18,0,0
BRDA:302,19,0,0
BRDA:427,20,0,0
BRDA:427,20,1,0
BRDA:450,21,0,0
BRDA:450,21,1,0
BRDA:450,21,2,0
BRDA:450,21,3,0
BRDA:450,21,4,0
BRDA:475,22,0,0
BRDA:476,23,0,0
BRDA:476,23,1,0
BRDA:496,24,0,0
BRDA:535,25,0,0
BRDA:535,25,1,0
BRDA:536,26,0,0
BRDA:536,26,1,0
BRDA:537,27,0,0
BRDA:537,27,1,0
BRDA:539,28,0,0
BRDA:539,28,1,0
BRF:51
BRH:0
end_of_record
TN:
SF:src/webhooks/webhook.service.ts
FN:36,(anonymous_5)
FN:44,(anonymous_6)
FN:87,(anonymous_7)
FN:107,(anonymous_8)
FN:125,(anonymous_9)
FN:142,(anonymous_10)
FN:189,(anonymous_11)
FN:248,(anonymous_12)
FN:255,(anonymous_13)
FN:289,(anonymous_14)
FN:296,(anonymous_15)
FN:303,(anonymous_16)
FN:311,(anonymous_17)
FN:318,(anonymous_18)
FN:325,(anonymous_19)
FN:333,(anonymous_20)
FN:356,(anonymous_21)
FN:364,(anonymous_22)
FN:385,(anonymous_23)
FN:402,(anonymous_24)
FNF:20
FNH:0
FNDA:0,(anonymous_5)
FNDA:0,(anonymous_6)
FNDA:0,(anonymous_7)
FNDA:0,(anonymous_8)
FNDA:0,(anonymous_9)
FNDA:0,(anonymous_10)
FNDA:0,(anonymous_11)
FNDA:0,(anonymous_12)
FNDA:0,(anonymous_13)
FNDA:0,(anonymous_14)
FNDA:0,(anonymous_15)
FNDA:0,(anonymous_16)
FNDA:0,(anonymous_17)
FNDA:0,(anonymous_18)
FNDA:0,(anonymous_19)
FNDA:0,(anonymous_20)
FNDA:0,(anonymous_21)
FNDA:0,(anonymous_22)
FNDA:0,(anonymous_23)
FNDA:0,(anonymous_24)
DA:9,0
DA:12,0
DA:28,0
DA:29,0
DA:30,0
DA:32,0
DA:33,0
DA:34,0
DA:37,0
DA:38,0
DA:50,0
DA:51,0
DA:54,0
DA:55,0
DA:62,0
DA:73,0
DA:76,0
DA:77,0
DA:78,0
DA:81,0
DA:93,0
DA:95,0
DA:96,0
DA:98,0
DA:113,0
DA:118,0
DA:119,0
DA:131,0
DA:136,0
DA:150,0
DA:151,0
DA:152,0
DA:155,0
DA:156,0
DA:160,0
DA:169,0
DA:176,0
DA:197,0
DA:198,0
DA:202,0
DA:203,0
DA:204,0
DA:208,0
DA:209,0
DA:224,0
DA:236,0
DA:249,0
DA:261,0
DA:262,0
DA:263,0
DA:265,0
DA:268,0
DA:269,0
DA:274,0
DA:275,0
DA:276,0
DA:277,0
DA:278,0
DA:283,0
DA:290,0
DA:297,0
DA:305,0
DA:312,0
DA:319,0
DA:326,0
DA:336,0
DA:358,0
DA:365,0
DA:386,0
DA:403,0
DA:404,0
DA:405,0
DA:407,0
DA:409,0
DA:413,0
DA:416,0
DA:417,0
DA:420,0
DA:421,0
LF:79
LH:0
BRDA:68,0,0,0
BRDA:68,0,1,0
BRDA:69,1,0,0
BRDA:69,1,1,0
BRDA:70,2,0,0
BRDA:70,2,1,0
BRDA:77,3,0,0
BRDA:89,4,0,0
BRDA:90,5,0,0
BRDA:119,6,0,0
BRDA:119,6,1,0
BRDA:151,7,0,0
BRDA:155,8,0,0
BRDA:197,9,0,0
BRDA:203,10,0,0
BRDA:214,11,0,0
BRDA:214,11,1,0
BRDA:237,12,0,0
BRDA:237,12,1,0
BRDA:261,13,0,0
BRDA:268,14,0,0
BRDA:274,15,0,0
BRDA:277,16,0,0
BRDA:318,17,0,0
BRDA:407,18,0,0
BRDA:407,19,0,0
BRDA:407,19,1,0
BRDA:416,20,0,0
BRF:28
BRH:0
end_of_record
TN:
SF:src/webhooks/webhook.signer.ts
FN:15,(anonymous_5)
FN:22,(anonymous_6)
FN:39,(anonymous_7)
FN:54,(anonymous_8)
FN:61,(anonymous_9)
FN:77,(anonymous_10)
FNF:6
FNH:0
FNDA:0,(anonymous_5)
FNDA:0,(anonymous_6)
FNDA:0,(anonymous_7)
FNDA:0,(anonymous_8)
FNDA:0,(anonymous_9)
FNDA:0,(anonymous_10)
DA:8,0
DA:9,0
DA:13,0
DA:14,0
DA:15,0
DA:23,0
DA:25,0
DA:26,0
DA:28,0
DA:29,0
DA:30,0
DA:32,0
DA:45,0
DA:48,0
DA:55,0
DA:62,0
DA:63,0
DA:66,0
DA:67,0
DA:68,0
DA:71,0
DA:82,0
DA:83,0
DA:85,0
DA:95,0
DA:96,0
DA:99,0
LF:27
LH:0
BRDA:62,0,0,0
BRDA:95,1,0,0
BRF:2
BRH:0
end_of_record
TN:
SF:src/work-queue/work-queue.controller.ts
FN:23,(anonymous_5)
FN:80,(anonymous_7)
FN:107,(anonymous_9)
FN:17,(anonymous_11)
FNF:4
FNH:0
FNDA:0,(anonymous_5)
FNDA:0,(anonymous_7)
FNDA:0,(anonymous_9)
FNDA:0,(anonymous_11)
DA:7,0
DA:8,0
DA:10,0
DA:12,0
DA:14,0
DA:15,0
DA:17,0
DA:22,0
DA:23,0
DA:35,0
DA:38,0
DA:46,0
DA:51,0
DA:59,0
DA:61,0
DA:79,0
DA:80,0
DA:81,0
DA:83,0
DA:89,0
DA:91,0
DA:106,0
DA:107,0
DA:111,0
DA:113,0
DA:120,0
DA:125,0
LF:27
LH:0
BRDA:47,0,0,0
BRDA:47,0,1,0
BRDA:48,1,0,0
BRDA:48,1,1,0
BRF:4
BRH:0
end_of_record
TN:
SF:src/work-queue/work-queue.module.ts
FNF:0
FNH:0
DA:5,0
DA:6,0
DA:7,0
DA:8,0
DA:10,0
DA:16,0
LF:6
LH:0
BRF:0
BRH:0
end_of_record
TN:
SF:src/work-queue/work-queue.service.ts
FN:48,(anonymous_5)
FN:56,(anonymous_6)
FN:119,(anonymous_7)
FN:124,(anonymous_8)
FN:125,(anonymous_9)
FN:129,(anonymous_10)
FN:134,(anonymous_11)
FN:146,(anonymous_12)
FN:186,(anonymous_13)
FN:187,(anonymous_14)
FN:201,(anonymous_15)
FN:260,(anonymous_16)
FN:294,(anonymous_17)
FNF:13
FNH:0
FNDA:0,(anonymous_5)
FNDA:0,(anonymous_6)
FNDA:0,(anonymous_7)
FNDA:0,(anonymous_8)
FNDA:0,(anonymous_9)
FNDA:0,(anonymous_10)
FNDA:0,(anonymous_11)
FNDA:0,(anonymous_12)
FNDA:0,(anonymous_13)
FNDA:0,(anonymous_14)
FNDA:0,(anonymous_15)
FNDA:0,(anonymous_16)
FNDA:0,(anonymous_17)
DA:7,0
DA:44,0
DA:45,0
DA:46,0
DA:49,0
DA:50,0
DA:61,0
DA:64,0
DA:67,0
DA:69,0
DA:71,0
DA:75,0
DA:81,0
DA:82,0
DA:87,0
DA:88,0
DA:95,0
DA:96,0
DA:98,0
DA:99,0
DA:105,0
DA:119,0
DA:122,0
DA:123,0
DA:124,0
DA:125,0
DA:128,0
DA:129,0
DA:130,0
DA:133,0
DA:134,0
DA:137,0
DA:150,0
DA:151,0
DA:154,0
DA:155,0
DA:156,0
DA:158,0
DA:159,0
DA:161,0
DA:163,0
DA:164,0
DA:166,0
DA:169,0
DA:178,0
DA:186,0
DA:187,0
DA:188,0
DA:193,0
DA:203,0
DA:204,0
DA:205,0
DA:206,0
DA:209,0
DA:210,0
DA:211,0
DA:212,0
DA:213,0
DA:214,0
DA:215,0
DA:216,0
DA:217,0
DA:218,0
DA:219,0
DA:220,0
DA:221,0
DA:222,0
DA:223,0
DA:227,0
DA:231,0
DA:266,0
DA:268,0
DA:275,0
DA:277,0
DA:280,0
DA:283,0
DA:284,0
DA:288,0
DA:298,0
DA:302,0
DA:303,0
DA:307,0
DA:309,0
DA:310,0
DA:311,0
DA:312,0
DA:314,0
DA:318,0
DA:319,0
DA:320,0
DA:321,0
DA:323,0
DA:329,0
LF:93
LH:0
BRDA:58,0,0,0
BRDA:59,1,0,0
BRDA:61,2,0,0
BRDA:61,3,0,0
BRDA:69,4,0,0
BRDA:69,5,0,0
BRDA:69,5,1,0
BRDA:81,6,0,0
BRDA:81,6,1,0
BRDA:85,7,0,0
BRDA:85,7,1,0
BRDA:87,8,0,0
BRDA:95,9,0,0
BRDA:98,10,0,0
BRDA:123,11,0,0
BRDA:128,12,0,0
BRDA:133,13,0,0
BRDA:134,14,0,0
BRDA:134,14,1,0
BRDA:155,15,0,0
BRDA:156,16,0,0
BRDA:156,16,1,0
BRDA:156,16,2,0
BRDA:158,17,0,0
BRDA:163,18,0,0
BRDA:209,19,0,0
BRDA:209,19,1,0
BRDA:209,20,0,0
BRDA:209,20,1,0
BRDA:209,20,2,0
BRDA:214,21,0,0
BRDA:214,21,1,0
BRDA:219,22,0,0
BRDA:227,23,0,0
BRDA:227,23,1,0
BRDA:277,24,0,0
BRDA:277,24,1,0
BRDA:280,25,0,0
BRDA:280,25,1,0
BRDA:283,26,0,0
BRDA:302,27,0,0
BRDA:309,28,0,0
BRDA:318,29,0,0
BRF:43
BRH:0
end_of_record
TN:
SF:test/ghl-oauth-flow.e2e-spec.ts
FN:11,(anonymous_9)
FN:12,(anonymous_10)
FN:24,(anonymous_11)
FN:28,(anonymous_12)
FN:33,(anonymous_13)
FN:56,(anonymous_14)
FN:61,(anonymous_15)
FN:62,(anonymous_16)
FN:67,(anonymous_17)
FN:76,(anonymous_18)
FN:81,(anonymous_19)
FN:86,(anonymous_20)
FN:93,(anonymous_21)
FN:94,(anonymous_22)
FN:102,(anonymous_23)
FN:108,(anonymous_24)
FN:116,(anonymous_25)
FN:122,(anonymous_26)
FN:127,(anonymous_27)
FNF:19
FNH:0
FNDA:0,(anonymous_9)
FNDA:0,(anonymous_10)
FNDA:0,(anonymous_11)
FNDA:0,(anonymous_12)
FNDA:0,(anonymous_13)
FNDA:0,(anonymous_14)
FNDA:0,(anonymous_15)
FNDA:0,(anonymous_16)
FNDA:0,(anonymous_17)
FNDA:0,(anonymous_18)
FNDA:0,(anonymous_19)
FNDA:0,(anonymous_20)
FNDA:0,(anonymous_21)
FNDA:0,(anonymous_22)
FNDA:0,(anonymous_23)
FNDA:0,(anonymous_24)
FNDA:0,(anonymous_25)
FNDA:0,(anonymous_26)
FNDA:0,(anonymous_27)
DA:3,0
DA:4,0
DA:5,0
DA:6,0
DA:7,0
DA:8,0
DA:11,0
DA:12,0
DA:24,0
DA:28,0
DA:29,0
DA:34,0
DA:36,0
DA:44,0
DA:45,0
DA:47,0
DA:50,0
DA:51,0
DA:53,0
DA:56,0
DA:57,0
DA:58,0
DA:61,0
DA:62,0
DA:63,0
DA:68,0
DA:69,0
DA:70,0
DA:71,0
DA:72,0
DA:76,0
DA:77,0
DA:82,0
DA:86,0
DA:87,0
DA:93,0
DA:94,0
DA:95,0
DA:103,0
DA:104,0
DA:108,0
DA:109,0
DA:117,0
DA:118,0
DA:122,0
DA:123,0
DA:128,0
LF:47
LH:0
BRF:0
BRH:0
end_of_record
TN:
SF:test/ghl-webhook.e2e-spec.ts
FN:14,(anonymous_9)
FN:19,(anonymous_10)
FN:28,(anonymous_11)
FN:49,(anonymous_12)
FN:54,(anonymous_13)
FN:55,(anonymous_14)
FN:66,(anonymous_15)
FN:71,(anonymous_16)
FN:88,(anonymous_17)
FN:97,(anonymous_18)
FN:107,(anonymous_19)
FN:114,(anonymous_20)
FN:120,(anonymous_21)
FN:130,(anonymous_22)
FN:138,(anonymous_23)
FN:145,(anonymous_24)
FN:158,(anonymous_25)
FN:164,(anonymous_26)
FN:173,(anonymous_27)
FNF:19
FNH:0
FNDA:0,(anonymous_9)
FNDA:0,(anonymous_10)
FNDA:0,(anonymous_11)
FNDA:0,(anonymous_12)
FNDA:0,(anonymous_13)
FNDA:0,(anonymous_14)
FNDA:0,(anonymous_15)
FNDA:0,(anonymous_16)
FNDA:0,(anonymous_17)
FNDA:0,(anonymous_18)
FNDA:0,(anonymous_19)
FNDA:0,(anonymous_20)
FNDA:0,(anonymous_21)
FNDA:0,(anonymous_22)
FNDA:0,(anonymous_23)
FNDA:0,(anonymous_24)
FNDA:0,(anonymous_25)
FNDA:0,(anonymous_26)
FNDA:0,(anonymous_27)
DA:3,0
DA:4,0
DA:5,0
DA:6,0
DA:7,0
DA:8,0
DA:11,0
DA:12,0
DA:14,0
DA:15,0
DA:16,0
DA:19,0
DA:25,0
DA:26,0
DA:28,0
DA:29,0
DA:33,0
DA:34,0
DA:36,0
DA:37,0
DA:40,0
DA:43,0
DA:44,0
DA:46,0
DA:49,0
DA:50,0
DA:51,0
DA:54,0
DA:55,0
DA:57,0
DA:59,0
DA:67,0
DA:68,0
DA:69,0
DA:73,0
DA:88,0
DA:89,0
DA:91,0
DA:98,0
DA:107,0
DA:108,0
DA:115,0
DA:116,0
DA:120,0
DA:121,0
DA:124,0
DA:132,0
DA:139,0
DA:140,0
DA:145,0
DA:146,0
DA:150,0
DA:152,0
DA:159,0
DA:160,0
DA:164,0
DA:165,0
DA:167,0
DA:174,0
DA:175,0
LF:60
LH:0
BRF:0
BRH:0
end_of_record
TN:
SF:test/mvp-spine.e2e-spec.ts
FN:8,(anonymous_0)
FN:13,(anonymous_1)
FN:25,(anonymous_2)
FN:33,(anonymous_3)
FN:87,(anonymous_4)
FN:91,(anonymous_5)
FN:95,(anonymous_6)
FN:105,(anonymous_7)
FN:144,(anonymous_8)
FNF:9
FNH:0
FNDA:0,(anonymous_0)
FNDA:0,(anonymous_1)
FNDA:0,(anonymous_2)
FNDA:0,(anonymous_3)
FNDA:0,(anonymous_4)
FNDA:0,(anonymous_5)
FNDA:0,(anonymous_6)
FNDA:0,(anonymous_7)
FNDA:0,(anonymous_8)
DA:1,0
DA:4,0
DA:5,0
DA:6,0
DA:8,0
DA:13,0
DA:14,0
DA:18,0
DA:19,0
DA:21,0
DA:22,0
DA:25,0
DA:27,0
DA:28,0
DA:29,0
DA:30,0
DA:33,0
DA:35,0
DA:47,0
DA:48,0
DA:69,0
DA:72,0
DA:75,0
DA:76,0
DA:77,0
DA:80,0
DA:85,0
DA:87,0
DA:88,0
DA:89,0
DA:91,0
DA:92,0
DA:93,0
DA:95,0
DA:96,0
DA:97,0
DA:102,0
DA:105,0
DA:107,0
DA:125,0
DA:126,0
DA:129,0
DA:132,0
DA:135,0
DA:142,0
DA:144,0
DA:145,0
LF:47
LH:0
BRF:0
BRH:0
end_of_record
TN:
SF:test/phase4a-qualification-flow.e2e-spec.ts
FN:10,(anonymous_9)
FN:15,(anonymous_10)
FN:27,(anonymous_11)
FN:32,(anonymous_12)
FN:41,(anonymous_13)
FN:59,(anonymous_14)
FN:85,(anonymous_15)
FN:107,(anonymous_16)
FNF:8
FNH:0
FNDA:0,(anonymous_9)
FNDA:0,(anonymous_10)
FNDA:0,(anonymous_11)
FNDA:0,(anonymous_12)
FNDA:0,(anonymous_13)
FNDA:0,(anonymous_14)
FNDA:0,(anonymous_15)
FNDA:0,(anonymous_16)
DA:1,0
DA:3,0
DA:4,0
DA:5,0
DA:6,0
DA:7,0
DA:8,0
DA:10,0
DA:15,0
DA:16,0
DA:20,0
DA:21,0
DA:23,0
DA:24,0
DA:27,0
DA:28,0
DA:29,0
DA:32,0
DA:34,0
DA:35,0
DA:38,0
DA:41,0
DA:47,0
DA:51,0
DA:59,0
DA:61,0
DA:62,0
DA:65,0
DA:68,0
DA:77,0
DA:85,0
DA:90,0
DA:104,0
DA:107,0
DA:115,0
DA:123,0
DA:124,0
LF:37
LH:0
BRF:0
BRH:0
end_of_record
TN:
SF:test/phase4b-ai-assisted-flow.e2e-spec.ts
FN:9,(anonymous_9)
FN:13,(anonymous_10)
FN:24,(anonymous_11)
FN:28,(anonymous_12)
FN:48,(anonymous_13)
FN:108,(anonymous_14)
FN:124,(anonymous_15)
FN:134,(anonymous_16)
FNF:8
FNH:0
FNDA:0,(anonymous_9)
FNDA:0,(anonymous_10)
FNDA:0,(anonymous_11)
FNDA:0,(anonymous_12)
FNDA:0,(anonymous_13)
FNDA:0,(anonymous_14)
FNDA:0,(anonymous_15)
FNDA:0,(anonymous_16)
DA:1,0
DA:3,0
DA:4,0
DA:5,0
DA:6,0
DA:7,0
DA:9,0
DA:13,0
DA:14,0
DA:18,0
DA:19,0
DA:21,0
DA:24,0
DA:25,0
DA:28,0
DA:30,0
DA:31,0
DA:34,0
DA:45,0
DA:48,0
DA:53,0
DA:57,0
DA:60,0
DA:84,0
DA:92,0
DA:101,0
DA:105,0
DA:108,0
DA:110,0
DA:121,0
DA:124,0
DA:127,0
DA:131,0
DA:134,0
DA:137,0
DA:141,0
LF:36
LH:0
BRF:0
BRH:0
end_of_record
TN:
SF:test/sla-escalation.e2e-spec.ts
FN:7,(anonymous_0)
FN:12,(anonymous_1)
FN:24,(anonymous_2)
FN:32,(anonymous_3)
FN:36,(anonymous_4)
FN:69,(anonymous_5)
FN:85,(anonymous_6)
FN:89,(anonymous_7)
FNF:8
FNH:0
FNDA:0,(anonymous_0)
FNDA:0,(anonymous_1)
FNDA:0,(anonymous_2)
FNDA:0,(anonymous_3)
FNDA:0,(anonymous_4)
FNDA:0,(anonymous_5)
FNDA:0,(anonymous_6)
FNDA:0,(anonymous_7)
DA:1,0
DA:3,0
DA:4,0
DA:5,0
DA:7,0
DA:12,0
DA:13,0
DA:17,0
DA:18,0
DA:20,0
DA:21,0
DA:24,0
DA:26,0
DA:27,0
DA:28,0
DA:29,0
DA:32,0
DA:34,0
DA:35,0
DA:36,0
DA:37,0
DA:38,0
DA:42,0
DA:43,0
DA:55,0
DA:58,0
DA:61,0
DA:62,0
DA:66,0
DA:69,0
DA:70,0
DA:71,0
DA:72,0
DA:75,0
DA:78,0
DA:79,0
DA:82,0
DA:85,0
DA:86,0
DA:89,0
DA:91,0
DA:94,0
DA:105,0
DA:108,0
DA:119,0
DA:122,0
DA:125,0
DA:126,0
LF:48
LH:0
BRF:0
BRH:0
end_of_record
