{"total": {"lines":{"total":497,"covered":0,"skipped":0,"pct":0},"statements":{"total":497,"covered":0,"skipped":0,"pct":0},"functions":{"total":3,"covered":1,"skipped":0,"pct":33.33},"branches":{"total":3,"covered":1,"skipped":0,"pct":33.33},"branchesTrue":{"total":0,"covered":0,"skipped":0,"pct":100}}
,"/Users/ranjansingh/Desktop/NeuronX/apps/core-api/src/authz/principal.extractor.ts": {"lines":{"total":28,"covered":0,"skipped":0,"pct":0},"functions":{"total":1,"covered":0,"skipped":0,"pct":0},"statements":{"total":28,"covered":0,"skipped":0,"pct":0},"branches":{"total":1,"covered":0,"skipped":0,"pct":0}}
,"/Users/ranjansingh/Desktop/NeuronX/apps/core-api/src/config/config.schema.ts": {"lines":{"total":326,"covered":0,"skipped":0,"pct":0},"functions":{"total":1,"covered":1,"skipped":0,"pct":100},"statements":{"total":326,"covered":0,"skipped":0,"pct":0},"branches":{"total":1,"covered":1,"skipped":0,"pct":100}}
,"/Users/ranjansingh/Desktop/NeuronX/apps/core-api/src/rate-limit/rate-limit.policy.ts": {"lines":{"total":143,"covered":0,"skipped":0,"pct":0},"functions":{"total":1,"covered":0,"skipped":0,"pct":0},"statements":{"total":143,"covered":0,"skipped":0,"pct":0},"branches":{"total":1,"covered":0,"skipped":0,"pct":0}}
}
